make[1]: Entering directory `/home/lorabit/mcsim/Pthread'
cp -f obj_opt/mypthreadtool mypthreadtool
cp -f obj_opt/libmypthread.a libmypthread.a
make[1]: Leaving directory `/home/lorabit/mcsim/Pthread'
make[1]: Entering directory `/home/lorabit/mcsim/Pthread'
cp -f obj_opt/mypthreadtool mypthreadtool
cp -f obj_opt/libmypthread.a libmypthread.a
make[1]: Leaving directory `/home/lorabit/mcsim/Pthread'
make[1]: Entering directory `/home/lorabit/mcsim/Pthread'
cp -f obj_opt/mypthreadtool mypthreadtool
cp -f obj_opt/libmypthread.a libmypthread.a
make[1]: Leaving directory `/home/lorabit/mcsim/Pthread'
make[1]: Entering directory `/home/lorabit/mcsim/Pthread'
cp -f obj_opt/mypthreadtool mypthreadtool
cp -f obj_opt/libmypthread.a libmypthread.a
make[1]: Leaving directory `/home/lorabit/mcsim/Pthread'
make[1]: Entering directory `/home/lorabit/mcsim/Pthread'
cp -f obj_opt/mypthreadtool mypthreadtool
cp -f obj_opt/libmypthread.a libmypthread.a
make[1]: Leaving directory `/home/lorabit/mcsim/Pthread'
make[1]: Entering directory `/home/lorabit/mcsim/Pthread'
cp -f obj_opt/mypthreadtool mypthreadtool
cp -f obj_opt/libmypthread.a libmypthread.a
make[1]: Leaving directory `/home/lorabit/mcsim/Pthread'
make[1]: Entering directory `/home/lorabit/mcsim/Pthread'
cp -f obj_opt/mypthreadtool mypthreadtool
cp -f obj_opt/libmypthread.a libmypthread.a
make[1]: Leaving directory `/home/lorabit/mcsim/Pthread'
make[1]: Entering directory `/home/lorabit/mcsim/Pthread'
cp -f obj_opt/mypthreadtool mypthreadtool
cp -f obj_opt/libmypthread.a libmypthread.a
make[1]: Leaving directory `/home/lorabit/mcsim/Pthread'
make[1]: Entering directory `/home/lorabit/mcsim/Pthread'
cp -f obj_opt/mypthreadtool mypthreadtool
cp -f obj_opt/libmypthread.a libmypthread.a
make[1]: Leaving directory `/home/lorabit/mcsim/Pthread'
make[1]: Entering directory `/home/lorabit/mcsim/Pthread'
cp -f obj_opt/mypthreadtool mypthreadtool
cp -f obj_opt/libmypthread.a libmypthread.a
make[1]: Leaving directory `/home/lorabit/mcsim/Pthread'
make[1]: Entering directory `/home/lorabit/mcsim/Pthread'
cp -f obj_opt/mypthreadtool mypthreadtool
cp -f obj_opt/libmypthread.a libmypthread.a
make[1]: Leaving directory `/home/lorabit/mcsim/Pthread'
make[1]: Entering directory `/home/lorabit/mcsim/Pthread'
cp -f obj_opt/mypthreadtool mypthreadtool
cp -f obj_opt/libmypthread.a libmypthread.a
make[1]: Leaving directory `/home/lorabit/mcsim/Pthread'
make[1]: Entering directory `/home/lorabit/mcsim/Pthread'
cp -f obj_opt/mypthreadtool mypthreadtool
cp -f obj_opt/libmypthread.a libmypthread.a
make[1]: Leaving directory `/home/lorabit/mcsim/Pthread'
make[1]: Entering directory `/home/lorabit/mcsim/Pthread'
cp -f obj_opt/mypthreadtool mypthreadtool
cp -f obj_opt/libmypthread.a libmypthread.a
make[1]: Leaving directory `/home/lorabit/mcsim/Pthread'
make[1]: Entering directory `/home/lorabit/mcsim/Pthread'
cp -f obj_opt/mypthreadtool mypthreadtool
cp -f obj_opt/libmypthread.a libmypthread.a
make[1]: Leaving directory `/home/lorabit/mcsim/Pthread'
make[1]: Entering directory `/home/lorabit/mcsim/Pthread'
cp -f obj_opt/mypthreadtool mypthreadtool
cp -f obj_opt/libmypthread.a libmypthread.a
make[1]: Leaving directory `/home/lorabit/mcsim/Pthread'
make[1]: Entering directory `/home/lorabit/mcsim/Pthread'
cp -f obj_opt/mypthreadtool mypthreadtool
cp -f obj_opt/libmypthread.a libmypthread.a
make[1]: Leaving directory `/home/lorabit/mcsim/Pthread'
make[1]: Entering directory `/home/lorabit/mcsim/Pthread'
cp -f obj_opt/mypthreadtool mypthreadtool
cp -f obj_opt/libmypthread.a libmypthread.a
make[1]: Leaving directory `/home/lorabit/mcsim/Pthread'
make[1]: Entering directory `/home/lorabit/mcsim/Pthread'
cp -f obj_opt/mypthreadtool mypthreadtool
cp -f obj_opt/libmypthread.a libmypthread.a
make[1]: Leaving directory `/home/lorabit/mcsim/Pthread'
make[1]: Entering directory `/home/lorabit/mcsim/Pthread'
cp -f obj_opt/mypthreadtool mypthreadtool
cp -f obj_opt/libmypthread.a libmypthread.a
make[1]: Leaving directory `/home/lorabit/mcsim/Pthread'
make[1]: Entering directory `/home/lorabit/mcsim/Pthread'
cp -f obj_opt/mypthreadtool mypthreadtool
cp -f obj_opt/libmypthread.a libmypthread.a
make[1]: Leaving directory `/home/lorabit/mcsim/Pthread'
make[1]: Entering directory `/home/lorabit/mcsim/Pthread'
cp -f obj_opt/mypthreadtool mypthreadtool
cp -f obj_opt/libmypthread.a libmypthread.a
make[1]: Leaving directory `/home/lorabit/mcsim/Pthread'
make[1]: Entering directory `/home/lorabit/mcsim/Pthread'
cp -f obj_opt/mypthreadtool mypthreadtool
cp -f obj_opt/libmypthread.a libmypthread.a
make[1]: Leaving directory `/home/lorabit/mcsim/Pthread'
make[1]: Entering directory `/home/lorabit/mcsim/Pthread'
cp -f obj_opt/mypthreadtool mypthreadtool
cp -f obj_opt/libmypthread.a libmypthread.a
make[1]: Leaving directory `/home/lorabit/mcsim/Pthread'
make[1]: Entering directory `/home/lorabit/mcsim/Pthread'
cp -f obj_opt/mypthreadtool mypthreadtool
cp -f obj_opt/libmypthread.a libmypthread.a
make[1]: Leaving directory `/home/lorabit/mcsim/Pthread'
make[1]: Entering directory `/home/lorabit/mcsim/Pthread'
cp -f obj_opt/mypthreadtool mypthreadtool
cp -f obj_opt/libmypthread.a libmypthread.a
make[1]: Leaving directory `/home/lorabit/mcsim/Pthread'
make[1]: Entering directory `/home/lorabit/mcsim/Pthread'
cp -f obj_opt/mypthreadtool mypthreadtool
cp -f obj_opt/libmypthread.a libmypthread.a
make[1]: Leaving directory `/home/lorabit/mcsim/Pthread'
make[1]: Entering directory `/home/lorabit/mcsim/Pthread'
g++ -c -Wno-unknown-pragmas -DNDEBUG -O3 -g  -DEXTENGINE -DBIGARRAY_MULTIPLIER=1 -DUSING_XED -DNDEBUG -fno-strict-aliasing -I/home/lorabit/mcsim/pin/source/tools/Include -I/home/lorabit/mcsim/pin/source/tools/InstLib -I/home/lorabit/mcsim/pin/source/tools/../../extras/xed2-intel64/include -I/home/lorabit/mcsim/pin/source/tools/../../extras/components/include -I/home/lorabit/mcsim/pin/source/tools/../../source/include/pin -I/home/lorabit/mcsim/pin/source/tools/../../source/include/pin/gen -DTARGET_IA32E -DHOST_IA32E -fPIC -DTARGET_LINUX -O3 -g -I/usr/local/include -o obj_opt/mypthreadtool.o mypthreadtool.cc
g++ obj_opt/PthreadUtil.o obj_opt/PthreadAttr.o obj_opt/PthreadOnce.o obj_opt/PthreadKey.o obj_opt/PthreadMutexAttr.o obj_opt/PthreadMutex.o obj_opt/PthreadBarrier.o obj_opt/PthreadCondAttr.o obj_opt/PthreadCond.o obj_opt/PthreadCleanup.o obj_opt/PthreadCancel.o obj_opt/PthreadJoin.o obj_opt/PthreadMalloc.o obj_opt/EEPthreadSim.o obj_opt/EEPthreadScheduler.o obj_opt/PTS.o obj_opt/mypthreadtool.o -DNDEBUG -shared -Wl,-Bsymbolic -Wl,--version-script=../../../source/include/pin/pintool.ver -L/home/lorabit/mcsim/pin/source/tools/Lib/ -L/home/lorabit/mcsim/pin/source/tools/ExtLib/ -L/home/lorabit/mcsim/pin/source/tools/../../extras/xed2-intel64/lib -L/home/lorabit/mcsim/pin/source/tools/../../intel64/lib -L/home/lorabit/mcsim/pin/source/tools/../../intel64/lib-ext -o obj_opt/mypthreadtool -lpin  -lxed -ldwarf -lelf -ldl  -L/usr/local/lib -lsnappy -pthread
cp -f obj_opt/mypthreadtool mypthreadtool
cp -f obj_opt/libmypthread.a libmypthread.a
make[1]: Leaving directory `/home/lorabit/mcsim/Pthread'
make[1]: Entering directory `/home/lorabit/mcsim/Pthread'
g++ -c -Wno-unknown-pragmas -DNDEBUG -O3 -g  -DEXTENGINE -DBIGARRAY_MULTIPLIER=1 -DUSING_XED -DNDEBUG -fno-strict-aliasing -I/home/lorabit/mcsim/pin/source/tools/Include -I/home/lorabit/mcsim/pin/source/tools/InstLib -I/home/lorabit/mcsim/pin/source/tools/../../extras/xed2-intel64/include -I/home/lorabit/mcsim/pin/source/tools/../../extras/components/include -I/home/lorabit/mcsim/pin/source/tools/../../source/include/pin -I/home/lorabit/mcsim/pin/source/tools/../../source/include/pin/gen -DTARGET_IA32E -DHOST_IA32E -fPIC -DTARGET_LINUX -O3 -g -I/usr/local/include -o obj_opt/mypthreadtool.o mypthreadtool.cc
g++ obj_opt/PthreadUtil.o obj_opt/PthreadAttr.o obj_opt/PthreadOnce.o obj_opt/PthreadKey.o obj_opt/PthreadMutexAttr.o obj_opt/PthreadMutex.o obj_opt/PthreadBarrier.o obj_opt/PthreadCondAttr.o obj_opt/PthreadCond.o obj_opt/PthreadCleanup.o obj_opt/PthreadCancel.o obj_opt/PthreadJoin.o obj_opt/PthreadMalloc.o obj_opt/EEPthreadSim.o obj_opt/EEPthreadScheduler.o obj_opt/PTS.o obj_opt/mypthreadtool.o -DNDEBUG -shared -Wl,-Bsymbolic -Wl,--version-script=../../../source/include/pin/pintool.ver -L/home/lorabit/mcsim/pin/source/tools/Lib/ -L/home/lorabit/mcsim/pin/source/tools/ExtLib/ -L/home/lorabit/mcsim/pin/source/tools/../../extras/xed2-intel64/lib -L/home/lorabit/mcsim/pin/source/tools/../../intel64/lib -L/home/lorabit/mcsim/pin/source/tools/../../intel64/lib-ext -o obj_opt/mypthreadtool -lpin  -lxed -ldwarf -lelf -ldl  -L/usr/local/lib -lsnappy -pthread
cp -f obj_opt/mypthreadtool mypthreadtool
cp -f obj_opt/libmypthread.a libmypthread.a
make[1]: Leaving directory `/home/lorabit/mcsim/Pthread'
make[1]: Entering directory `/home/lorabit/mcsim/Pthread'
g++ -c -Wno-unknown-pragmas -DNDEBUG -O3 -g  -DEXTENGINE -DBIGARRAY_MULTIPLIER=1 -DUSING_XED -DNDEBUG -fno-strict-aliasing -I/home/lorabit/mcsim/pin/source/tools/Include -I/home/lorabit/mcsim/pin/source/tools/InstLib -I/home/lorabit/mcsim/pin/source/tools/../../extras/xed2-intel64/include -I/home/lorabit/mcsim/pin/source/tools/../../extras/components/include -I/home/lorabit/mcsim/pin/source/tools/../../source/include/pin -I/home/lorabit/mcsim/pin/source/tools/../../source/include/pin/gen -DTARGET_IA32E -DHOST_IA32E -fPIC -DTARGET_LINUX -O3 -g -I/usr/local/include -o obj_opt/mypthreadtool.o mypthreadtool.cc
g++ obj_opt/PthreadUtil.o obj_opt/PthreadAttr.o obj_opt/PthreadOnce.o obj_opt/PthreadKey.o obj_opt/PthreadMutexAttr.o obj_opt/PthreadMutex.o obj_opt/PthreadBarrier.o obj_opt/PthreadCondAttr.o obj_opt/PthreadCond.o obj_opt/PthreadCleanup.o obj_opt/PthreadCancel.o obj_opt/PthreadJoin.o obj_opt/PthreadMalloc.o obj_opt/EEPthreadSim.o obj_opt/EEPthreadScheduler.o obj_opt/PTS.o obj_opt/mypthreadtool.o -DNDEBUG -shared -Wl,-Bsymbolic -Wl,--version-script=../../../source/include/pin/pintool.ver -L/home/lorabit/mcsim/pin/source/tools/Lib/ -L/home/lorabit/mcsim/pin/source/tools/ExtLib/ -L/home/lorabit/mcsim/pin/source/tools/../../extras/xed2-intel64/lib -L/home/lorabit/mcsim/pin/source/tools/../../intel64/lib -L/home/lorabit/mcsim/pin/source/tools/../../intel64/lib-ext -o obj_opt/mypthreadtool -lpin  -lxed -ldwarf -lelf -ldl  -L/usr/local/lib -lsnappy -pthread
cp -f obj_opt/mypthreadtool mypthreadtool
cp -f obj_opt/libmypthread.a libmypthread.a
make[1]: Leaving directory `/home/lorabit/mcsim/Pthread'
make[1]: Entering directory `/home/lorabit/mcsim/Pthread'
cp -f obj_opt/mypthreadtool mypthreadtool
cp -f obj_opt/libmypthread.a libmypthread.a
make[1]: Leaving directory `/home/lorabit/mcsim/Pthread'
make[1]: Entering directory `/home/lorabit/mcsim/Pthread'
g++ -c -Wno-unknown-pragmas -DNDEBUG -O3 -g  -DEXTENGINE -DBIGARRAY_MULTIPLIER=1 -DUSING_XED -DNDEBUG -fno-strict-aliasing -I/home/lorabit/mcsim/pin/source/tools/Include -I/home/lorabit/mcsim/pin/source/tools/InstLib -I/home/lorabit/mcsim/pin/source/tools/../../extras/xed2-intel64/include -I/home/lorabit/mcsim/pin/source/tools/../../extras/components/include -I/home/lorabit/mcsim/pin/source/tools/../../source/include/pin -I/home/lorabit/mcsim/pin/source/tools/../../source/include/pin/gen -DTARGET_IA32E -DHOST_IA32E -fPIC -DTARGET_LINUX -O3 -g -I/usr/local/include -o obj_opt/mypthreadtool.o mypthreadtool.cc
g++ obj_opt/PthreadUtil.o obj_opt/PthreadAttr.o obj_opt/PthreadOnce.o obj_opt/PthreadKey.o obj_opt/PthreadMutexAttr.o obj_opt/PthreadMutex.o obj_opt/PthreadBarrier.o obj_opt/PthreadCondAttr.o obj_opt/PthreadCond.o obj_opt/PthreadCleanup.o obj_opt/PthreadCancel.o obj_opt/PthreadJoin.o obj_opt/PthreadMalloc.o obj_opt/EEPthreadSim.o obj_opt/EEPthreadScheduler.o obj_opt/PTS.o obj_opt/mypthreadtool.o -DNDEBUG -shared -Wl,-Bsymbolic -Wl,--version-script=../../../source/include/pin/pintool.ver -L/home/lorabit/mcsim/pin/source/tools/Lib/ -L/home/lorabit/mcsim/pin/source/tools/ExtLib/ -L/home/lorabit/mcsim/pin/source/tools/../../extras/xed2-intel64/lib -L/home/lorabit/mcsim/pin/source/tools/../../intel64/lib -L/home/lorabit/mcsim/pin/source/tools/../../intel64/lib-ext -o obj_opt/mypthreadtool -lpin  -lxed -ldwarf -lelf -ldl  -L/usr/local/lib -lsnappy -pthread
cp -f obj_opt/mypthreadtool mypthreadtool
cp -f obj_opt/libmypthread.a libmypthread.a
make[1]: Leaving directory `/home/lorabit/mcsim/Pthread'
make[1]: Entering directory `/home/lorabit/mcsim/Pthread'
cp -f obj_opt/mypthreadtool mypthreadtool
cp -f obj_opt/libmypthread.a libmypthread.a
make[1]: Leaving directory `/home/lorabit/mcsim/Pthread'
make[1]: Entering directory `/home/lorabit/mcsim/Pthread'
g++ -c -Wno-unknown-pragmas -DNDEBUG -O3 -g  -DEXTENGINE -DBIGARRAY_MULTIPLIER=1 -DUSING_XED -DNDEBUG -fno-strict-aliasing -I/home/lorabit/mcsim/pin/source/tools/Include -I/home/lorabit/mcsim/pin/source/tools/InstLib -I/home/lorabit/mcsim/pin/source/tools/../../extras/xed2-intel64/include -I/home/lorabit/mcsim/pin/source/tools/../../extras/components/include -I/home/lorabit/mcsim/pin/source/tools/../../source/include/pin -I/home/lorabit/mcsim/pin/source/tools/../../source/include/pin/gen -DTARGET_IA32E -DHOST_IA32E -fPIC -DTARGET_LINUX -O3 -g -I/usr/local/include -o obj_opt/mypthreadtool.o mypthreadtool.cc
g++ obj_opt/PthreadUtil.o obj_opt/PthreadAttr.o obj_opt/PthreadOnce.o obj_opt/PthreadKey.o obj_opt/PthreadMutexAttr.o obj_opt/PthreadMutex.o obj_opt/PthreadBarrier.o obj_opt/PthreadCondAttr.o obj_opt/PthreadCond.o obj_opt/PthreadCleanup.o obj_opt/PthreadCancel.o obj_opt/PthreadJoin.o obj_opt/PthreadMalloc.o obj_opt/EEPthreadSim.o obj_opt/EEPthreadScheduler.o obj_opt/PTS.o obj_opt/mypthreadtool.o -DNDEBUG -shared -Wl,-Bsymbolic -Wl,--version-script=../../../source/include/pin/pintool.ver -L/home/lorabit/mcsim/pin/source/tools/Lib/ -L/home/lorabit/mcsim/pin/source/tools/ExtLib/ -L/home/lorabit/mcsim/pin/source/tools/../../extras/xed2-intel64/lib -L/home/lorabit/mcsim/pin/source/tools/../../intel64/lib -L/home/lorabit/mcsim/pin/source/tools/../../intel64/lib-ext -o obj_opt/mypthreadtool -lpin  -lxed -ldwarf -lelf -ldl  -L/usr/local/lib -lsnappy -pthread
cp -f obj_opt/mypthreadtool mypthreadtool
cp -f obj_opt/libmypthread.a libmypthread.a
make[1]: Leaving directory `/home/lorabit/mcsim/Pthread'
make[1]: Entering directory `/home/lorabit/mcsim/Pthread'
g++ -c -Wno-unknown-pragmas -DNDEBUG -O3 -g  -DEXTENGINE -DBIGARRAY_MULTIPLIER=1 -DUSING_XED -DNDEBUG -fno-strict-aliasing -I/home/lorabit/mcsim/pin/source/tools/Include -I/home/lorabit/mcsim/pin/source/tools/InstLib -I/home/lorabit/mcsim/pin/source/tools/../../extras/xed2-intel64/include -I/home/lorabit/mcsim/pin/source/tools/../../extras/components/include -I/home/lorabit/mcsim/pin/source/tools/../../source/include/pin -I/home/lorabit/mcsim/pin/source/tools/../../source/include/pin/gen -DTARGET_IA32E -DHOST_IA32E -fPIC -DTARGET_LINUX -O3 -g -I/usr/local/include -o obj_opt/mypthreadtool.o mypthreadtool.cc
make[1]: Leaving directory `/home/lorabit/mcsim/Pthread'
make[1]: Entering directory `/home/lorabit/mcsim/Pthread'
g++ -c -Wno-unknown-pragmas -DNDEBUG -O3 -g  -DEXTENGINE -DBIGARRAY_MULTIPLIER=1 -DUSING_XED -DNDEBUG -fno-strict-aliasing -I/home/lorabit/mcsim/pin/source/tools/Include -I/home/lorabit/mcsim/pin/source/tools/InstLib -I/home/lorabit/mcsim/pin/source/tools/../../extras/xed2-intel64/include -I/home/lorabit/mcsim/pin/source/tools/../../extras/components/include -I/home/lorabit/mcsim/pin/source/tools/../../source/include/pin -I/home/lorabit/mcsim/pin/source/tools/../../source/include/pin/gen -DTARGET_IA32E -DHOST_IA32E -fPIC -DTARGET_LINUX -O3 -g -I/usr/local/include -o obj_opt/mypthreadtool.o mypthreadtool.cc
g++ obj_opt/PthreadUtil.o obj_opt/PthreadAttr.o obj_opt/PthreadOnce.o obj_opt/PthreadKey.o obj_opt/PthreadMutexAttr.o obj_opt/PthreadMutex.o obj_opt/PthreadBarrier.o obj_opt/PthreadCondAttr.o obj_opt/PthreadCond.o obj_opt/PthreadCleanup.o obj_opt/PthreadCancel.o obj_opt/PthreadJoin.o obj_opt/PthreadMalloc.o obj_opt/EEPthreadSim.o obj_opt/EEPthreadScheduler.o obj_opt/PTS.o obj_opt/mypthreadtool.o -DNDEBUG -shared -Wl,-Bsymbolic -Wl,--version-script=../../../source/include/pin/pintool.ver -L/home/lorabit/mcsim/pin/source/tools/Lib/ -L/home/lorabit/mcsim/pin/source/tools/ExtLib/ -L/home/lorabit/mcsim/pin/source/tools/../../extras/xed2-intel64/lib -L/home/lorabit/mcsim/pin/source/tools/../../intel64/lib -L/home/lorabit/mcsim/pin/source/tools/../../intel64/lib-ext -o obj_opt/mypthreadtool -lpin  -lxed -ldwarf -lelf -ldl  -L/usr/local/lib -lsnappy -pthread
cp -f obj_opt/mypthreadtool mypthreadtool
cp -f obj_opt/libmypthread.a libmypthread.a
make[1]: Leaving directory `/home/lorabit/mcsim/Pthread'
make[1]: Entering directory `/home/lorabit/mcsim/Pthread'
cp -f obj_opt/mypthreadtool mypthreadtool
cp -f obj_opt/libmypthread.a libmypthread.a
make[1]: Leaving directory `/home/lorabit/mcsim/Pthread'
make[1]: Entering directory `/home/lorabit/mcsim/Pthread'
g++ -c -Wno-unknown-pragmas -DNDEBUG -O3 -g  -DEXTENGINE -DBIGARRAY_MULTIPLIER=1 -DUSING_XED -DNDEBUG -fno-strict-aliasing -I/home/lorabit/mcsim/pin/source/tools/Include -I/home/lorabit/mcsim/pin/source/tools/InstLib -I/home/lorabit/mcsim/pin/source/tools/../../extras/xed2-intel64/include -I/home/lorabit/mcsim/pin/source/tools/../../extras/components/include -I/home/lorabit/mcsim/pin/source/tools/../../source/include/pin -I/home/lorabit/mcsim/pin/source/tools/../../source/include/pin/gen -DTARGET_IA32E -DHOST_IA32E -fPIC -DTARGET_LINUX -O3 -g -I/usr/local/include -o obj_opt/mypthreadtool.o mypthreadtool.cc
g++ obj_opt/PthreadUtil.o obj_opt/PthreadAttr.o obj_opt/PthreadOnce.o obj_opt/PthreadKey.o obj_opt/PthreadMutexAttr.o obj_opt/PthreadMutex.o obj_opt/PthreadBarrier.o obj_opt/PthreadCondAttr.o obj_opt/PthreadCond.o obj_opt/PthreadCleanup.o obj_opt/PthreadCancel.o obj_opt/PthreadJoin.o obj_opt/PthreadMalloc.o obj_opt/EEPthreadSim.o obj_opt/EEPthreadScheduler.o obj_opt/PTS.o obj_opt/mypthreadtool.o -DNDEBUG -shared -Wl,-Bsymbolic -Wl,--version-script=../../../source/include/pin/pintool.ver -L/home/lorabit/mcsim/pin/source/tools/Lib/ -L/home/lorabit/mcsim/pin/source/tools/ExtLib/ -L/home/lorabit/mcsim/pin/source/tools/../../extras/xed2-intel64/lib -L/home/lorabit/mcsim/pin/source/tools/../../intel64/lib -L/home/lorabit/mcsim/pin/source/tools/../../intel64/lib-ext -o obj_opt/mypthreadtool -lpin  -lxed -ldwarf -lelf -ldl  -L/usr/local/lib -lsnappy -pthread
cp -f obj_opt/mypthreadtool mypthreadtool
cp -f obj_opt/libmypthread.a libmypthread.a
make[1]: Leaving directory `/home/lorabit/mcsim/Pthread'
make[1]: Entering directory `/home/lorabit/mcsim/Pthread'
cp -f obj_opt/mypthreadtool mypthreadtool
cp -f obj_opt/libmypthread.a libmypthread.a
make[1]: Leaving directory `/home/lorabit/mcsim/Pthread'
make[1]: Entering directory `/home/lorabit/mcsim/Pthread'
cp -f obj_opt/mypthreadtool mypthreadtool
cp -f obj_opt/libmypthread.a libmypthread.a
make[1]: Leaving directory `/home/lorabit/mcsim/Pthread'
make[1]: Entering directory `/home/lorabit/mcsim/Pthread'
g++ -c -Wno-unknown-pragmas -DNDEBUG -O3 -g  -DEXTENGINE -DBIGARRAY_MULTIPLIER=1 -DUSING_XED -DNDEBUG -fno-strict-aliasing -I/home/lorabit/mcsim/pin/source/tools/Include -I/home/lorabit/mcsim/pin/source/tools/InstLib -I/home/lorabit/mcsim/pin/source/tools/../../extras/xed2-intel64/include -I/home/lorabit/mcsim/pin/source/tools/../../extras/components/include -I/home/lorabit/mcsim/pin/source/tools/../../source/include/pin -I/home/lorabit/mcsim/pin/source/tools/../../source/include/pin/gen -DTARGET_IA32E -DHOST_IA32E -fPIC -DTARGET_LINUX -O3 -g -I/usr/local/include -o obj_opt/mypthreadtool.o mypthreadtool.cc
g++ obj_opt/PthreadUtil.o obj_opt/PthreadAttr.o obj_opt/PthreadOnce.o obj_opt/PthreadKey.o obj_opt/PthreadMutexAttr.o obj_opt/PthreadMutex.o obj_opt/PthreadBarrier.o obj_opt/PthreadCondAttr.o obj_opt/PthreadCond.o obj_opt/PthreadCleanup.o obj_opt/PthreadCancel.o obj_opt/PthreadJoin.o obj_opt/PthreadMalloc.o obj_opt/EEPthreadSim.o obj_opt/EEPthreadScheduler.o obj_opt/PTS.o obj_opt/mypthreadtool.o -DNDEBUG -shared -Wl,-Bsymbolic -Wl,--version-script=../../../source/include/pin/pintool.ver -L/home/lorabit/mcsim/pin/source/tools/Lib/ -L/home/lorabit/mcsim/pin/source/tools/ExtLib/ -L/home/lorabit/mcsim/pin/source/tools/../../extras/xed2-intel64/lib -L/home/lorabit/mcsim/pin/source/tools/../../intel64/lib -L/home/lorabit/mcsim/pin/source/tools/../../intel64/lib-ext -o obj_opt/mypthreadtool -lpin  -lxed -ldwarf -lelf -ldl  -L/usr/local/lib -lsnappy -pthread
cp -f obj_opt/mypthreadtool mypthreadtool
cp -f obj_opt/libmypthread.a libmypthread.a
make[1]: Leaving directory `/home/lorabit/mcsim/Pthread'
make[1]: Entering directory `/home/lorabit/mcsim/Pthread'
cp -f obj_opt/mypthreadtool mypthreadtool
cp -f obj_opt/libmypthread.a libmypthread.a
make[1]: Leaving directory `/home/lorabit/mcsim/Pthread'
make[1]: Entering directory `/home/lorabit/mcsim/Pthread'
cp -f obj_opt/mypthreadtool mypthreadtool
cp -f obj_opt/libmypthread.a libmypthread.a
make[1]: Leaving directory `/home/lorabit/mcsim/Pthread'
make[1]: Entering directory `/home/lorabit/mcsim/Pthread'
cp -f obj_opt/mypthreadtool mypthreadtool
cp -f obj_opt/libmypthread.a libmypthread.a
make[1]: Leaving directory `/home/lorabit/mcsim/Pthread'
make[1]: Entering directory `/home/lorabit/mcsim/Pthread'
g++ -c -Wno-unknown-pragmas -DNDEBUG -O3 -g  -DEXTENGINE -DBIGARRAY_MULTIPLIER=1 -DUSING_XED -DNDEBUG -fno-strict-aliasing -I/home/lorabit/mcsim/pin/source/tools/Include -I/home/lorabit/mcsim/pin/source/tools/InstLib -I/home/lorabit/mcsim/pin/source/tools/../../extras/xed/include -I/home/lorabit/mcsim/pin/source/tools/../../extras/components/include -I/home/lorabit/mcsim/pin/source/tools/../../source/include/pin -I/home/lorabit/mcsim/pin/source/tools/../../source/include/pin/gen -DTARGET_IA32E -DHOST_IA32E -fPIC -DTARGET_LINUX -O3 -g -I/usr/local/include -o obj_opt/mypthreadtool.o mypthreadtool.cc
make[1]: Leaving directory `/home/lorabit/mcsim/Pthread'
make[1]: Entering directory `/home/lorabit/mcsim/Pthread'
cp -f obj_opt/mypthreadtool mypthreadtool
cp -f obj_opt/libmypthread.a libmypthread.a
make[1]: Leaving directory `/home/lorabit/mcsim/Pthread'
make[1]: Entering directory `/home/lorabit/mcsim/Pthread'
g++ -c -fPIC -fPIC -Wno-unknown-pragmas -DNDEBUG -O3 -g  -DEXTENGINE -fPIC  -DBIGARRAY_MULTIPLIER=1 -DUSING_XED -DNDEBUG -fno-strict-aliasing -I/home/lorabit/mcsim/pin/source/tools/Include -I/home/lorabit/mcsim/pin/source/tools/InstLib -I/home/lorabit/mcsim/pin/source/tools/../../extras/xed/obj -I/home/lorabit/mcsim/pin/source/tools/../../extras/xed/include/public/xed/ -I/home/lorabit/mcsim/pin/source/tools/../../extras/components/include -I/home/lorabit/mcsim/pin/source/tools/../../source/include/pin -I/home/lorabit/mcsim/pin/source/tools/../../source/include/pin/gen -DTARGET_IA32E -DHOST_IA32E -fPIC -DTARGET_LINUX -O3 -g -I/usr/local/include -o obj_opt/mypthreadtool.o mypthreadtool.cc
g++ obj_opt/PthreadUtil.o obj_opt/PthreadAttr.o obj_opt/PthreadOnce.o obj_opt/PthreadKey.o obj_opt/PthreadMutexAttr.o obj_opt/PthreadMutex.o obj_opt/PthreadBarrier.o obj_opt/PthreadCondAttr.o obj_opt/PthreadCond.o obj_opt/PthreadCleanup.o obj_opt/PthreadCancel.o obj_opt/PthreadJoin.o obj_opt/PthreadMalloc.o obj_opt/EEPthreadSim.o obj_opt/EEPthreadScheduler.o obj_opt/PTS.o obj_opt/mypthreadtool.o -fPIC -DNDEBUG -shared -Wl,-Bsymbolic -Wl,--version-script=../../../source/include/pin/pintool.ver -L/home/lorabit/mcsim/pin/source/tools/Lib/ -L/home/lorabit/mcsim/pin/source/tools/ExtLib/ -L/home/lorabit/mcsim/pin/source/tools/../../extras/xed/obj -L/home/lorabit/mcsim/pin/source/tools/../../intel64/lib -L/home/lorabit/mcsim/pin/source/tools/../../intel64/lib-ext -o obj_opt/mypthreadtool -lpin  -lxed -ldwarf -lelf -ldl  -L/usr/local/lib -lsnappy -pthread
make[1]: Leaving directory `/home/lorabit/mcsim/Pthread'
make[1]: Entering directory `/home/lorabit/mcsim/Pthread'
g++ obj_opt/PthreadUtil.o obj_opt/PthreadAttr.o obj_opt/PthreadOnce.o obj_opt/PthreadKey.o obj_opt/PthreadMutexAttr.o obj_opt/PthreadMutex.o obj_opt/PthreadBarrier.o obj_opt/PthreadCondAttr.o obj_opt/PthreadCond.o obj_opt/PthreadCleanup.o obj_opt/PthreadCancel.o obj_opt/PthreadJoin.o obj_opt/PthreadMalloc.o obj_opt/EEPthreadSim.o obj_opt/EEPthreadScheduler.o obj_opt/PTS.o obj_opt/mypthreadtool.o -fPIC -DNDEBUG -shared -Wl,-Bsymbolic -Wl,--version-script=../../../source/include/pin/pintool.ver -L/home/lorabit/mcsim/pin/source/tools/Lib/ -L/home/lorabit/mcsim/pin/source/tools/ExtLib/ -L/home/lorabit/mcsim/pin/source/tools/../../extras/xed/obj -L/home/lorabit/mcsim/pin/source/tools/../../intel64/lib -L/home/lorabit/mcsim/pin/source/tools/../../intel64/lib-ext -o obj_opt/mypthreadtool -lpin  -ldwarf -lelf -ldl  -L/usr/local/lib -lsnappy -pthread
cp -f obj_opt/mypthreadtool mypthreadtool
cp -f obj_opt/libmypthread.a libmypthread.a
make[1]: Leaving directory `/home/lorabit/mcsim/Pthread'
make[1]: Entering directory `/home/lorabit/mcsim/Pthread'
cp -f obj_opt/mypthreadtool mypthreadtool
cp -f obj_opt/libmypthread.a libmypthread.a
make[1]: Leaving directory `/home/lorabit/mcsim/Pthread'
make[1]: Entering directory `/home/lorabit/mcsim/Pthread'
cp -f obj_opt/mypthreadtool mypthreadtool
cp -f obj_opt/libmypthread.a libmypthread.a
make[1]: Leaving directory `/home/lorabit/mcsim/Pthread'
make[1]: Entering directory `/home/lorabit/mcsim/Pthread'
cp -f obj_opt/mypthreadtool mypthreadtool
cp -f obj_opt/libmypthread.a libmypthread.a
make[1]: Leaving directory `/home/lorabit/mcsim/Pthread'
make[1]: Entering directory `/home/lorabit/mcsim/Pthread'
cp -f obj_opt/mypthreadtool mypthreadtool
cp -f obj_opt/libmypthread.a libmypthread.a
make[1]: Leaving directory `/home/lorabit/mcsim/Pthread'
make[1]: Entering directory `/home/lorabit/mcsim/Pthread'
cp -f obj_opt/mypthreadtool mypthreadtool
cp -f obj_opt/libmypthread.a libmypthread.a
make[1]: Leaving directory `/home/lorabit/mcsim/Pthread'
make[1]: Entering directory `/home/lorabit/mcsim/Pthread'
cp -f obj_opt/mypthreadtool mypthreadtool
cp -f obj_opt/libmypthread.a libmypthread.a
make[1]: Leaving directory `/home/lorabit/mcsim/Pthread'
make[1]: Entering directory `/home/lorabit/mcsim/Pthread'
cp -f obj_opt/mypthreadtool mypthreadtool
cp -f obj_opt/libmypthread.a libmypthread.a
make[1]: Leaving directory `/home/lorabit/mcsim/Pthread'
make[1]: Entering directory `/home/lorabit/mcsim/Pthread'
cp -f obj_opt/mypthreadtool mypthreadtool
cp -f obj_opt/libmypthread.a libmypthread.a
make[1]: Leaving directory `/home/lorabit/mcsim/Pthread'
make[1]: Entering directory `/home/lorabit/mcsim/Pthread'
cp -f obj_opt/mypthreadtool mypthreadtool
cp -f obj_opt/libmypthread.a libmypthread.a
make[1]: Leaving directory `/home/lorabit/mcsim/Pthread'
make[1]: Entering directory `/home/lorabit/mcsim/Pthread'
g++ -c -fPIC -fPIC -Wno-unknown-pragmas -DNDEBUG -O3 -g  -DEXTENGINE -fPIC  -DBIGARRAY_MULTIPLIER=1 -DUSING_XED -DNDEBUG -fno-strict-aliasing -I/home/lorabit/mcsim/pin/source/tools/Include -I/home/lorabit/mcsim/pin/source/tools/InstLib -I/home/lorabit/mcsim/pin/source/tools/../../extras/xed2017/include/xed  -I/home/lorabit/mcsim/pin/source/tools/../../extras/components/include -I/home/lorabit/mcsim/pin/source/tools/../../source/include/pin -I/home/lorabit/mcsim/pin/source/tools/../../source/include/pin/gen -DTARGET_IA32E -DHOST_IA32E -fPIC -DTARGET_LINUX -O3 -g -I/usr/local/include -o obj_opt/mypthreadtool.o mypthreadtool.cc
g++ obj_opt/PthreadUtil.o obj_opt/PthreadAttr.o obj_opt/PthreadOnce.o obj_opt/PthreadKey.o obj_opt/PthreadMutexAttr.o obj_opt/PthreadMutex.o obj_opt/PthreadBarrier.o obj_opt/PthreadCondAttr.o obj_opt/PthreadCond.o obj_opt/PthreadCleanup.o obj_opt/PthreadCancel.o obj_opt/PthreadJoin.o obj_opt/PthreadMalloc.o obj_opt/EEPthreadSim.o obj_opt/EEPthreadScheduler.o obj_opt/PTS.o obj_opt/mypthreadtool.o -fPIC -DNDEBUG -shared -Wl,-Bsymbolic -Wl,--version-script=../../../source/include/pin/pintool.ver -L/home/lorabit/mcsim/pin/source/tools/Lib/ -L/home/lorabit/mcsim/pin/source/tools/ExtLib/ -L/home/lorabit/mcsim/pin/source/tools/../../extras/xed2017/lib -L/home/lorabit/mcsim/pin/source/tools/../../intel64/lib -L/home/lorabit/mcsim/pin/source/tools/../../intel64/lib-ext -o obj_opt/mypthreadtool -lpin  -ldwarf -lelf -ldl  -L/usr/local/lib -lsnappy -pthread
cp -f obj_opt/mypthreadtool mypthreadtool
cp -f obj_opt/libmypthread.a libmypthread.a
make[1]: Leaving directory `/home/lorabit/mcsim/Pthread'
make[1]: Entering directory `/home/lorabit/mcsim/Pthread'
cp -f obj_opt/mypthreadtool mypthreadtool
cp -f obj_opt/libmypthread.a libmypthread.a
make[1]: Leaving directory `/home/lorabit/mcsim/Pthread'
make[1]: Entering directory `/home/lorabit/mcsim/Pthread'
cp -f obj_opt/mypthreadtool mypthreadtool
cp -f obj_opt/libmypthread.a libmypthread.a
make[1]: Leaving directory `/home/lorabit/mcsim/Pthread'
make[1]: Entering directory `/home/lorabit/mcsim/Pthread'
cp -f obj_opt/mypthreadtool mypthreadtool
cp -f obj_opt/libmypthread.a libmypthread.a
make[1]: Leaving directory `/home/lorabit/mcsim/Pthread'
make[1]: Entering directory `/home/lorabit/mcsim/Pthread'
cp -f obj_opt/mypthreadtool mypthreadtool
cp -f obj_opt/libmypthread.a libmypthread.a
make[1]: Leaving directory `/home/lorabit/mcsim/Pthread'
make[1]: Entering directory `/home/lorabit/mcsim/Pthread'
cp -f obj_opt/mypthreadtool mypthreadtool
cp -f obj_opt/libmypthread.a libmypthread.a
make[1]: Leaving directory `/home/lorabit/mcsim/Pthread'
mkdir obj_opt
make[1]: Entering directory `/home/lorabit/mcsim/Pthread'
g++ -c -fPIC -fPIC -Wno-unknown-pragmas -DNDEBUG -O3 -g  -DEXTENGINE -fPIC  -DBIGARRAY_MULTIPLIER=1 -DUSING_XED -DNDEBUG -fno-strict-aliasing -I/home/lorabit/mcsim/pin/source/tools/Include -I/home/lorabit/mcsim/pin/source/tools/InstLib -I/home/lorabit/mcsim/pin/source/tools/../../extras/xed2017/include/xed  -I/home/lorabit/mcsim/pin/source/tools/../../extras/components/include -I/home/lorabit/mcsim/pin/source/tools/../../source/include/pin -I/home/lorabit/mcsim/pin/source/tools/../../source/include/pin/gen -DTARGET_IA32E -DHOST_IA32E -fPIC -DTARGET_LINUX -O3 -g -I/usr/local/include -o obj_opt/PthreadUtil.o PthreadUtil.cc
g++ -c -fPIC -fPIC -Wno-unknown-pragmas -DNDEBUG -O3 -g  -DEXTENGINE -fPIC  -DBIGARRAY_MULTIPLIER=1 -DUSING_XED -DNDEBUG -fno-strict-aliasing -I/home/lorabit/mcsim/pin/source/tools/Include -I/home/lorabit/mcsim/pin/source/tools/InstLib -I/home/lorabit/mcsim/pin/source/tools/../../extras/xed2017/include/xed  -I/home/lorabit/mcsim/pin/source/tools/../../extras/components/include -I/home/lorabit/mcsim/pin/source/tools/../../source/include/pin -I/home/lorabit/mcsim/pin/source/tools/../../source/include/pin/gen -DTARGET_IA32E -DHOST_IA32E -fPIC -DTARGET_LINUX -O3 -g -I/usr/local/include -o obj_opt/PthreadAttr.o PthreadAttr.cc
g++ -c -fPIC -fPIC -Wno-unknown-pragmas -DNDEBUG -O3 -g  -DEXTENGINE -fPIC  -DBIGARRAY_MULTIPLIER=1 -DUSING_XED -DNDEBUG -fno-strict-aliasing -I/home/lorabit/mcsim/pin/source/tools/Include -I/home/lorabit/mcsim/pin/source/tools/InstLib -I/home/lorabit/mcsim/pin/source/tools/../../extras/xed2017/include/xed  -I/home/lorabit/mcsim/pin/source/tools/../../extras/components/include -I/home/lorabit/mcsim/pin/source/tools/../../source/include/pin -I/home/lorabit/mcsim/pin/source/tools/../../source/include/pin/gen -DTARGET_IA32E -DHOST_IA32E -fPIC -DTARGET_LINUX -O3 -g -I/usr/local/include -o obj_opt/PthreadOnce.o PthreadOnce.cc
g++ -c -fPIC -fPIC -Wno-unknown-pragmas -DNDEBUG -O3 -g  -DEXTENGINE -fPIC  -DBIGARRAY_MULTIPLIER=1 -DUSING_XED -DNDEBUG -fno-strict-aliasing -I/home/lorabit/mcsim/pin/source/tools/Include -I/home/lorabit/mcsim/pin/source/tools/InstLib -I/home/lorabit/mcsim/pin/source/tools/../../extras/xed2017/include/xed  -I/home/lorabit/mcsim/pin/source/tools/../../extras/components/include -I/home/lorabit/mcsim/pin/source/tools/../../source/include/pin -I/home/lorabit/mcsim/pin/source/tools/../../source/include/pin/gen -DTARGET_IA32E -DHOST_IA32E -fPIC -DTARGET_LINUX -O3 -g -I/usr/local/include -o obj_opt/PthreadKey.o PthreadKey.cc
g++ -c -fPIC -fPIC -Wno-unknown-pragmas -DNDEBUG -O3 -g  -DEXTENGINE -fPIC  -DBIGARRAY_MULTIPLIER=1 -DUSING_XED -DNDEBUG -fno-strict-aliasing -I/home/lorabit/mcsim/pin/source/tools/Include -I/home/lorabit/mcsim/pin/source/tools/InstLib -I/home/lorabit/mcsim/pin/source/tools/../../extras/xed2017/include/xed  -I/home/lorabit/mcsim/pin/source/tools/../../extras/components/include -I/home/lorabit/mcsim/pin/source/tools/../../source/include/pin -I/home/lorabit/mcsim/pin/source/tools/../../source/include/pin/gen -DTARGET_IA32E -DHOST_IA32E -fPIC -DTARGET_LINUX -O3 -g -I/usr/local/include -o obj_opt/PthreadMutexAttr.o PthreadMutexAttr.cc
g++ -c -fPIC -fPIC -Wno-unknown-pragmas -DNDEBUG -O3 -g  -DEXTENGINE -fPIC  -DBIGARRAY_MULTIPLIER=1 -DUSING_XED -DNDEBUG -fno-strict-aliasing -I/home/lorabit/mcsim/pin/source/tools/Include -I/home/lorabit/mcsim/pin/source/tools/InstLib -I/home/lorabit/mcsim/pin/source/tools/../../extras/xed2017/include/xed  -I/home/lorabit/mcsim/pin/source/tools/../../extras/components/include -I/home/lorabit/mcsim/pin/source/tools/../../source/include/pin -I/home/lorabit/mcsim/pin/source/tools/../../source/include/pin/gen -DTARGET_IA32E -DHOST_IA32E -fPIC -DTARGET_LINUX -O3 -g -I/usr/local/include -o obj_opt/PthreadMutex.o PthreadMutex.cc
g++ -c -fPIC -fPIC -Wno-unknown-pragmas -DNDEBUG -O3 -g  -DEXTENGINE -fPIC  -DBIGARRAY_MULTIPLIER=1 -DUSING_XED -DNDEBUG -fno-strict-aliasing -I/home/lorabit/mcsim/pin/source/tools/Include -I/home/lorabit/mcsim/pin/source/tools/InstLib -I/home/lorabit/mcsim/pin/source/tools/../../extras/xed2017/include/xed  -I/home/lorabit/mcsim/pin/source/tools/../../extras/components/include -I/home/lorabit/mcsim/pin/source/tools/../../source/include/pin -I/home/lorabit/mcsim/pin/source/tools/../../source/include/pin/gen -DTARGET_IA32E -DHOST_IA32E -fPIC -DTARGET_LINUX -O3 -g -I/usr/local/include -o obj_opt/PthreadBarrier.o PthreadBarrier.cc
g++ -c -fPIC -fPIC -Wno-unknown-pragmas -DNDEBUG -O3 -g  -DEXTENGINE -fPIC  -DBIGARRAY_MULTIPLIER=1 -DUSING_XED -DNDEBUG -fno-strict-aliasing -I/home/lorabit/mcsim/pin/source/tools/Include -I/home/lorabit/mcsim/pin/source/tools/InstLib -I/home/lorabit/mcsim/pin/source/tools/../../extras/xed2017/include/xed  -I/home/lorabit/mcsim/pin/source/tools/../../extras/components/include -I/home/lorabit/mcsim/pin/source/tools/../../source/include/pin -I/home/lorabit/mcsim/pin/source/tools/../../source/include/pin/gen -DTARGET_IA32E -DHOST_IA32E -fPIC -DTARGET_LINUX -O3 -g -I/usr/local/include -o obj_opt/PthreadCondAttr.o PthreadCondAttr.cc
make[1]: Leaving directory `/home/lorabit/mcsim/Pthread'
make[1]: Entering directory `/home/lorabit/mcsim/Pthread'
g++ -c -fPIC -fPIC -Wno-unknown-pragmas -DNDEBUG -O3 -g  -DEXTENGINE -fPIC  -DBIGARRAY_MULTIPLIER=1 -DUSING_XED -DNDEBUG -fno-strict-aliasing -I/home/lorabit/mcsim/pin/source/tools/Include -I/home/lorabit/mcsim/pin/source/tools/InstLib -I/home/lorabit/mcsim/pin/source/tools/../../extras/xed2017/include  -I/home/lorabit/mcsim/pin/source/tools/../../extras/components/include -I/home/lorabit/mcsim/pin/source/tools/../../source/include/pin -I/home/lorabit/mcsim/pin/source/tools/../../source/include/pin/gen -DTARGET_IA32E -DHOST_IA32E -fPIC -DTARGET_LINUX -O3 -g -I/usr/local/include -o obj_opt/PthreadUtil.o PthreadUtil.cc
g++ -c -fPIC -fPIC -Wno-unknown-pragmas -DNDEBUG -O3 -g  -DEXTENGINE -fPIC  -DBIGARRAY_MULTIPLIER=1 -DUSING_XED -DNDEBUG -fno-strict-aliasing -I/home/lorabit/mcsim/pin/source/tools/Include -I/home/lorabit/mcsim/pin/source/tools/InstLib -I/home/lorabit/mcsim/pin/source/tools/../../extras/xed2017/include  -I/home/lorabit/mcsim/pin/source/tools/../../extras/components/include -I/home/lorabit/mcsim/pin/source/tools/../../source/include/pin -I/home/lorabit/mcsim/pin/source/tools/../../source/include/pin/gen -DTARGET_IA32E -DHOST_IA32E -fPIC -DTARGET_LINUX -O3 -g -I/usr/local/include -o obj_opt/PthreadAttr.o PthreadAttr.cc
g++ -c -fPIC -fPIC -Wno-unknown-pragmas -DNDEBUG -O3 -g  -DEXTENGINE -fPIC  -DBIGARRAY_MULTIPLIER=1 -DUSING_XED -DNDEBUG -fno-strict-aliasing -I/home/lorabit/mcsim/pin/source/tools/Include -I/home/lorabit/mcsim/pin/source/tools/InstLib -I/home/lorabit/mcsim/pin/source/tools/../../extras/xed2017/include  -I/home/lorabit/mcsim/pin/source/tools/../../extras/components/include -I/home/lorabit/mcsim/pin/source/tools/../../source/include/pin -I/home/lorabit/mcsim/pin/source/tools/../../source/include/pin/gen -DTARGET_IA32E -DHOST_IA32E -fPIC -DTARGET_LINUX -O3 -g -I/usr/local/include -o obj_opt/PthreadOnce.o PthreadOnce.cc
g++ -c -fPIC -fPIC -Wno-unknown-pragmas -DNDEBUG -O3 -g  -DEXTENGINE -fPIC  -DBIGARRAY_MULTIPLIER=1 -DUSING_XED -DNDEBUG -fno-strict-aliasing -I/home/lorabit/mcsim/pin/source/tools/Include -I/home/lorabit/mcsim/pin/source/tools/InstLib -I/home/lorabit/mcsim/pin/source/tools/../../extras/xed2017/include  -I/home/lorabit/mcsim/pin/source/tools/../../extras/components/include -I/home/lorabit/mcsim/pin/source/tools/../../source/include/pin -I/home/lorabit/mcsim/pin/source/tools/../../source/include/pin/gen -DTARGET_IA32E -DHOST_IA32E -fPIC -DTARGET_LINUX -O3 -g -I/usr/local/include -o obj_opt/PthreadKey.o PthreadKey.cc
g++ -c -fPIC -fPIC -Wno-unknown-pragmas -DNDEBUG -O3 -g  -DEXTENGINE -fPIC  -DBIGARRAY_MULTIPLIER=1 -DUSING_XED -DNDEBUG -fno-strict-aliasing -I/home/lorabit/mcsim/pin/source/tools/Include -I/home/lorabit/mcsim/pin/source/tools/InstLib -I/home/lorabit/mcsim/pin/source/tools/../../extras/xed2017/include  -I/home/lorabit/mcsim/pin/source/tools/../../extras/components/include -I/home/lorabit/mcsim/pin/source/tools/../../source/include/pin -I/home/lorabit/mcsim/pin/source/tools/../../source/include/pin/gen -DTARGET_IA32E -DHOST_IA32E -fPIC -DTARGET_LINUX -O3 -g -I/usr/local/include -o obj_opt/PthreadMutexAttr.o PthreadMutexAttr.cc
g++ -c -fPIC -fPIC -Wno-unknown-pragmas -DNDEBUG -O3 -g  -DEXTENGINE -fPIC  -DBIGARRAY_MULTIPLIER=1 -DUSING_XED -DNDEBUG -fno-strict-aliasing -I/home/lorabit/mcsim/pin/source/tools/Include -I/home/lorabit/mcsim/pin/source/tools/InstLib -I/home/lorabit/mcsim/pin/source/tools/../../extras/xed2017/include  -I/home/lorabit/mcsim/pin/source/tools/../../extras/components/include -I/home/lorabit/mcsim/pin/source/tools/../../source/include/pin -I/home/lorabit/mcsim/pin/source/tools/../../source/include/pin/gen -DTARGET_IA32E -DHOST_IA32E -fPIC -DTARGET_LINUX -O3 -g -I/usr/local/include -o obj_opt/PthreadMutex.o PthreadMutex.cc
g++ -c -fPIC -fPIC -Wno-unknown-pragmas -DNDEBUG -O3 -g  -DEXTENGINE -fPIC  -DBIGARRAY_MULTIPLIER=1 -DUSING_XED -DNDEBUG -fno-strict-aliasing -I/home/lorabit/mcsim/pin/source/tools/Include -I/home/lorabit/mcsim/pin/source/tools/InstLib -I/home/lorabit/mcsim/pin/source/tools/../../extras/xed2017/include  -I/home/lorabit/mcsim/pin/source/tools/../../extras/components/include -I/home/lorabit/mcsim/pin/source/tools/../../source/include/pin -I/home/lorabit/mcsim/pin/source/tools/../../source/include/pin/gen -DTARGET_IA32E -DHOST_IA32E -fPIC -DTARGET_LINUX -O3 -g -I/usr/local/include -o obj_opt/PthreadBarrier.o PthreadBarrier.cc
g++ -c -fPIC -fPIC -Wno-unknown-pragmas -DNDEBUG -O3 -g  -DEXTENGINE -fPIC  -DBIGARRAY_MULTIPLIER=1 -DUSING_XED -DNDEBUG -fno-strict-aliasing -I/home/lorabit/mcsim/pin/source/tools/Include -I/home/lorabit/mcsim/pin/source/tools/InstLib -I/home/lorabit/mcsim/pin/source/tools/../../extras/xed2017/include  -I/home/lorabit/mcsim/pin/source/tools/../../extras/components/include -I/home/lorabit/mcsim/pin/source/tools/../../source/include/pin -I/home/lorabit/mcsim/pin/source/tools/../../source/include/pin/gen -DTARGET_IA32E -DHOST_IA32E -fPIC -DTARGET_LINUX -O3 -g -I/usr/local/include -o obj_opt/PthreadCondAttr.o PthreadCondAttr.cc
g++ -c -fPIC -fPIC -Wno-unknown-pragmas -DNDEBUG -O3 -g  -DEXTENGINE -fPIC  -DBIGARRAY_MULTIPLIER=1 -DUSING_XED -DNDEBUG -fno-strict-aliasing -I/home/lorabit/mcsim/pin/source/tools/Include -I/home/lorabit/mcsim/pin/source/tools/InstLib -I/home/lorabit/mcsim/pin/source/tools/../../extras/xed2017/include  -I/home/lorabit/mcsim/pin/source/tools/../../extras/components/include -I/home/lorabit/mcsim/pin/source/tools/../../source/include/pin -I/home/lorabit/mcsim/pin/source/tools/../../source/include/pin/gen -DTARGET_IA32E -DHOST_IA32E -fPIC -DTARGET_LINUX -O3 -g -I/usr/local/include -o obj_opt/PthreadCond.o PthreadCond.cc
g++ -c -fPIC -fPIC -Wno-unknown-pragmas -DNDEBUG -O3 -g  -DEXTENGINE -fPIC  -DBIGARRAY_MULTIPLIER=1 -DUSING_XED -DNDEBUG -fno-strict-aliasing -I/home/lorabit/mcsim/pin/source/tools/Include -I/home/lorabit/mcsim/pin/source/tools/InstLib -I/home/lorabit/mcsim/pin/source/tools/../../extras/xed2017/include  -I/home/lorabit/mcsim/pin/source/tools/../../extras/components/include -I/home/lorabit/mcsim/pin/source/tools/../../source/include/pin -I/home/lorabit/mcsim/pin/source/tools/../../source/include/pin/gen -DTARGET_IA32E -DHOST_IA32E -fPIC -DTARGET_LINUX -O3 -g -I/usr/local/include -o obj_opt/PthreadCleanup.o PthreadCleanup.cc
g++ -c -fPIC -fPIC -Wno-unknown-pragmas -DNDEBUG -O3 -g  -DEXTENGINE -fPIC  -DBIGARRAY_MULTIPLIER=1 -DUSING_XED -DNDEBUG -fno-strict-aliasing -I/home/lorabit/mcsim/pin/source/tools/Include -I/home/lorabit/mcsim/pin/source/tools/InstLib -I/home/lorabit/mcsim/pin/source/tools/../../extras/xed2017/include  -I/home/lorabit/mcsim/pin/source/tools/../../extras/components/include -I/home/lorabit/mcsim/pin/source/tools/../../source/include/pin -I/home/lorabit/mcsim/pin/source/tools/../../source/include/pin/gen -DTARGET_IA32E -DHOST_IA32E -fPIC -DTARGET_LINUX -O3 -g -I/usr/local/include -o obj_opt/PthreadCancel.o PthreadCancel.cc
g++ -c -fPIC -fPIC -Wno-unknown-pragmas -DNDEBUG -O3 -g  -DEXTENGINE -fPIC  -DBIGARRAY_MULTIPLIER=1 -DUSING_XED -DNDEBUG -fno-strict-aliasing -I/home/lorabit/mcsim/pin/source/tools/Include -I/home/lorabit/mcsim/pin/source/tools/InstLib -I/home/lorabit/mcsim/pin/source/tools/../../extras/xed2017/include  -I/home/lorabit/mcsim/pin/source/tools/../../extras/components/include -I/home/lorabit/mcsim/pin/source/tools/../../source/include/pin -I/home/lorabit/mcsim/pin/source/tools/../../source/include/pin/gen -DTARGET_IA32E -DHOST_IA32E -fPIC -DTARGET_LINUX -O3 -g -I/usr/local/include -o obj_opt/PthreadJoin.o PthreadJoin.cc
g++ -c -fPIC -fPIC -Wno-unknown-pragmas -DNDEBUG -O3 -g  -DEXTENGINE -fPIC  -DBIGARRAY_MULTIPLIER=1 -DUSING_XED -DNDEBUG -fno-strict-aliasing -I/home/lorabit/mcsim/pin/source/tools/Include -I/home/lorabit/mcsim/pin/source/tools/InstLib -I/home/lorabit/mcsim/pin/source/tools/../../extras/xed2017/include  -I/home/lorabit/mcsim/pin/source/tools/../../extras/components/include -I/home/lorabit/mcsim/pin/source/tools/../../source/include/pin -I/home/lorabit/mcsim/pin/source/tools/../../source/include/pin/gen -DTARGET_IA32E -DHOST_IA32E -fPIC -DTARGET_LINUX -O3 -g -I/usr/local/include -o obj_opt/PthreadMalloc.o PthreadMalloc.cc
g++ -c -fPIC -fPIC -Wno-unknown-pragmas -DNDEBUG -O3 -g  -DEXTENGINE -fPIC  -DBIGARRAY_MULTIPLIER=1 -DUSING_XED -DNDEBUG -fno-strict-aliasing -I/home/lorabit/mcsim/pin/source/tools/Include -I/home/lorabit/mcsim/pin/source/tools/InstLib -I/home/lorabit/mcsim/pin/source/tools/../../extras/xed2017/include  -I/home/lorabit/mcsim/pin/source/tools/../../extras/components/include -I/home/lorabit/mcsim/pin/source/tools/../../source/include/pin -I/home/lorabit/mcsim/pin/source/tools/../../source/include/pin/gen -DTARGET_IA32E -DHOST_IA32E -fPIC -DTARGET_LINUX -O3 -g -I/usr/local/include -o obj_opt/EEPthreadSim.o EEPthreadSim.cc
g++ -c -fPIC -fPIC -Wno-unknown-pragmas -DNDEBUG -O3 -g  -DEXTENGINE -fPIC  -DBIGARRAY_MULTIPLIER=1 -DUSING_XED -DNDEBUG -fno-strict-aliasing -I/home/lorabit/mcsim/pin/source/tools/Include -I/home/lorabit/mcsim/pin/source/tools/InstLib -I/home/lorabit/mcsim/pin/source/tools/../../extras/xed2017/include  -I/home/lorabit/mcsim/pin/source/tools/../../extras/components/include -I/home/lorabit/mcsim/pin/source/tools/../../source/include/pin -I/home/lorabit/mcsim/pin/source/tools/../../source/include/pin/gen -DTARGET_IA32E -DHOST_IA32E -fPIC -DTARGET_LINUX -O3 -g -I/usr/local/include -o obj_opt/EEPthreadScheduler.o EEPthreadScheduler.cc
g++ -c -fPIC -fPIC -Wno-unknown-pragmas -DNDEBUG -O3 -g  -DEXTENGINE -fPIC  -DBIGARRAY_MULTIPLIER=1 -DUSING_XED -DNDEBUG -fno-strict-aliasing -I/home/lorabit/mcsim/pin/source/tools/Include -I/home/lorabit/mcsim/pin/source/tools/InstLib -I/home/lorabit/mcsim/pin/source/tools/../../extras/xed2017/include  -I/home/lorabit/mcsim/pin/source/tools/../../extras/components/include -I/home/lorabit/mcsim/pin/source/tools/../../source/include/pin -I/home/lorabit/mcsim/pin/source/tools/../../source/include/pin/gen -DTARGET_IA32E -DHOST_IA32E -fPIC -DTARGET_LINUX -O3 -g -I/usr/local/include -o obj_opt/PTS.o PTS.cc
g++ -c -fPIC -fPIC -Wno-unknown-pragmas -DNDEBUG -O3 -g  -DEXTENGINE -fPIC  -DBIGARRAY_MULTIPLIER=1 -DUSING_XED -DNDEBUG -fno-strict-aliasing -I/home/lorabit/mcsim/pin/source/tools/Include -I/home/lorabit/mcsim/pin/source/tools/InstLib -I/home/lorabit/mcsim/pin/source/tools/../../extras/xed2017/include  -I/home/lorabit/mcsim/pin/source/tools/../../extras/components/include -I/home/lorabit/mcsim/pin/source/tools/../../source/include/pin -I/home/lorabit/mcsim/pin/source/tools/../../source/include/pin/gen -DTARGET_IA32E -DHOST_IA32E -fPIC -DTARGET_LINUX -O3 -g -I/usr/local/include -o obj_opt/mypthreadtool.o mypthreadtool.cc
gcc -c -o obj_opt/mypthread.o mypthread.cc
ar ru obj_opt/libmypthread.a obj_opt/mypthread.o
ranlib obj_opt/libmypthread.a
g++ obj_opt/PthreadUtil.o obj_opt/PthreadAttr.o obj_opt/PthreadOnce.o obj_opt/PthreadKey.o obj_opt/PthreadMutexAttr.o obj_opt/PthreadMutex.o obj_opt/PthreadBarrier.o obj_opt/PthreadCondAttr.o obj_opt/PthreadCond.o obj_opt/PthreadCleanup.o obj_opt/PthreadCancel.o obj_opt/PthreadJoin.o obj_opt/PthreadMalloc.o obj_opt/EEPthreadSim.o obj_opt/EEPthreadScheduler.o obj_opt/PTS.o obj_opt/mypthreadtool.o -fPIC -DNDEBUG -shared -Wl,-Bsymbolic -Wl,--version-script=../../../source/include/pin/pintool.ver -L/home/lorabit/mcsim/pin/source/tools/Lib/ -L/home/lorabit/mcsim/pin/source/tools/ExtLib/ -L/home/lorabit/mcsim/pin/source/tools/../../extras/xed2017/lib -L/home/lorabit/mcsim/pin/source/tools/../../intel64/lib -L/home/lorabit/mcsim/pin/source/tools/../../intel64/lib-ext -o obj_opt/mypthreadtool -lpin  -ldwarf -lelf -ldl  -L/usr/local/lib -lsnappy -pthread
cp -f obj_opt/mypthreadtool mypthreadtool
cp -f obj_opt/libmypthread.a libmypthread.a
make[1]: Leaving directory `/home/lorabit/mcsim/Pthread'
make[1]: Entering directory `/home/lorabit/mcsim/Pthread'
cp -f obj_opt/mypthreadtool mypthreadtool
cp -f obj_opt/libmypthread.a libmypthread.a
make[1]: Leaving directory `/home/lorabit/mcsim/Pthread'
mkdir obj_opt
make[1]: Entering directory `/home/lorabit/mcsim/Pthread'
g++ -c -fPIC -fPIC -Wno-unknown-pragmas -DNDEBUG -O3 -g  -DEXTENGINE -fPIC  -DBIGARRAY_MULTIPLIER=1 -DUSING_XED -DNDEBUG -fno-strict-aliasing -I/home/lorabit/mcsim/pin/source/tools/Include -I/home/lorabit/mcsim/pin/source/tools/InstLib -I/home/lorabit/mcsim/pin/source/tools/../../extras/xed2017/include/xed  -I/home/lorabit/mcsim/pin/source/tools/../../extras/components/include -I/home/lorabit/mcsim/pin/source/tools/../../source/include/pin -I/home/lorabit/mcsim/pin/source/tools/../../source/include/pin/gen -DTARGET_IA32E -DHOST_IA32E -fPIC -DTARGET_LINUX -O3 -g -I/usr/local/include -o obj_opt/PthreadUtil.o PthreadUtil.cc
g++ -c -fPIC -fPIC -Wno-unknown-pragmas -DNDEBUG -O3 -g  -DEXTENGINE -fPIC  -DBIGARRAY_MULTIPLIER=1 -DUSING_XED -DNDEBUG -fno-strict-aliasing -I/home/lorabit/mcsim/pin/source/tools/Include -I/home/lorabit/mcsim/pin/source/tools/InstLib -I/home/lorabit/mcsim/pin/source/tools/../../extras/xed2017/include/xed  -I/home/lorabit/mcsim/pin/source/tools/../../extras/components/include -I/home/lorabit/mcsim/pin/source/tools/../../source/include/pin -I/home/lorabit/mcsim/pin/source/tools/../../source/include/pin/gen -DTARGET_IA32E -DHOST_IA32E -fPIC -DTARGET_LINUX -O3 -g -I/usr/local/include -o obj_opt/PthreadAttr.o PthreadAttr.cc
g++ -c -fPIC -fPIC -Wno-unknown-pragmas -DNDEBUG -O3 -g  -DEXTENGINE -fPIC  -DBIGARRAY_MULTIPLIER=1 -DUSING_XED -DNDEBUG -fno-strict-aliasing -I/home/lorabit/mcsim/pin/source/tools/Include -I/home/lorabit/mcsim/pin/source/tools/InstLib -I/home/lorabit/mcsim/pin/source/tools/../../extras/xed2017/include/xed  -I/home/lorabit/mcsim/pin/source/tools/../../extras/components/include -I/home/lorabit/mcsim/pin/source/tools/../../source/include/pin -I/home/lorabit/mcsim/pin/source/tools/../../source/include/pin/gen -DTARGET_IA32E -DHOST_IA32E -fPIC -DTARGET_LINUX -O3 -g -I/usr/local/include -o obj_opt/PthreadOnce.o PthreadOnce.cc
g++ -c -fPIC -fPIC -Wno-unknown-pragmas -DNDEBUG -O3 -g  -DEXTENGINE -fPIC  -DBIGARRAY_MULTIPLIER=1 -DUSING_XED -DNDEBUG -fno-strict-aliasing -I/home/lorabit/mcsim/pin/source/tools/Include -I/home/lorabit/mcsim/pin/source/tools/InstLib -I/home/lorabit/mcsim/pin/source/tools/../../extras/xed2017/include/xed  -I/home/lorabit/mcsim/pin/source/tools/../../extras/components/include -I/home/lorabit/mcsim/pin/source/tools/../../source/include/pin -I/home/lorabit/mcsim/pin/source/tools/../../source/include/pin/gen -DTARGET_IA32E -DHOST_IA32E -fPIC -DTARGET_LINUX -O3 -g -I/usr/local/include -o obj_opt/PthreadKey.o PthreadKey.cc
g++ -c -fPIC -fPIC -Wno-unknown-pragmas -DNDEBUG -O3 -g  -DEXTENGINE -fPIC  -DBIGARRAY_MULTIPLIER=1 -DUSING_XED -DNDEBUG -fno-strict-aliasing -I/home/lorabit/mcsim/pin/source/tools/Include -I/home/lorabit/mcsim/pin/source/tools/InstLib -I/home/lorabit/mcsim/pin/source/tools/../../extras/xed2017/include/xed  -I/home/lorabit/mcsim/pin/source/tools/../../extras/components/include -I/home/lorabit/mcsim/pin/source/tools/../../source/include/pin -I/home/lorabit/mcsim/pin/source/tools/../../source/include/pin/gen -DTARGET_IA32E -DHOST_IA32E -fPIC -DTARGET_LINUX -O3 -g -I/usr/local/include -o obj_opt/PthreadMutexAttr.o PthreadMutexAttr.cc
g++ -c -fPIC -fPIC -Wno-unknown-pragmas -DNDEBUG -O3 -g  -DEXTENGINE -fPIC  -DBIGARRAY_MULTIPLIER=1 -DUSING_XED -DNDEBUG -fno-strict-aliasing -I/home/lorabit/mcsim/pin/source/tools/Include -I/home/lorabit/mcsim/pin/source/tools/InstLib -I/home/lorabit/mcsim/pin/source/tools/../../extras/xed2017/include/xed  -I/home/lorabit/mcsim/pin/source/tools/../../extras/components/include -I/home/lorabit/mcsim/pin/source/tools/../../source/include/pin -I/home/lorabit/mcsim/pin/source/tools/../../source/include/pin/gen -DTARGET_IA32E -DHOST_IA32E -fPIC -DTARGET_LINUX -O3 -g -I/usr/local/include -o obj_opt/PthreadMutex.o PthreadMutex.cc
g++ -c -fPIC -fPIC -Wno-unknown-pragmas -DNDEBUG -O3 -g  -DEXTENGINE -fPIC  -DBIGARRAY_MULTIPLIER=1 -DUSING_XED -DNDEBUG -fno-strict-aliasing -I/home/lorabit/mcsim/pin/source/tools/Include -I/home/lorabit/mcsim/pin/source/tools/InstLib -I/home/lorabit/mcsim/pin/source/tools/../../extras/xed2017/include/xed  -I/home/lorabit/mcsim/pin/source/tools/../../extras/components/include -I/home/lorabit/mcsim/pin/source/tools/../../source/include/pin -I/home/lorabit/mcsim/pin/source/tools/../../source/include/pin/gen -DTARGET_IA32E -DHOST_IA32E -fPIC -DTARGET_LINUX -O3 -g -I/usr/local/include -o obj_opt/PthreadBarrier.o PthreadBarrier.cc
g++ -c -fPIC -fPIC -Wno-unknown-pragmas -DNDEBUG -O3 -g  -DEXTENGINE -fPIC  -DBIGARRAY_MULTIPLIER=1 -DUSING_XED -DNDEBUG -fno-strict-aliasing -I/home/lorabit/mcsim/pin/source/tools/Include -I/home/lorabit/mcsim/pin/source/tools/InstLib -I/home/lorabit/mcsim/pin/source/tools/../../extras/xed2017/include/xed  -I/home/lorabit/mcsim/pin/source/tools/../../extras/components/include -I/home/lorabit/mcsim/pin/source/tools/../../source/include/pin -I/home/lorabit/mcsim/pin/source/tools/../../source/include/pin/gen -DTARGET_IA32E -DHOST_IA32E -fPIC -DTARGET_LINUX -O3 -g -I/usr/local/include -o obj_opt/PthreadCondAttr.o PthreadCondAttr.cc
g++ -c -fPIC -fPIC -Wno-unknown-pragmas -DNDEBUG -O3 -g  -DEXTENGINE -fPIC  -DBIGARRAY_MULTIPLIER=1 -DUSING_XED -DNDEBUG -fno-strict-aliasing -I/home/lorabit/mcsim/pin/source/tools/Include -I/home/lorabit/mcsim/pin/source/tools/InstLib -I/home/lorabit/mcsim/pin/source/tools/../../extras/xed2017/include/xed  -I/home/lorabit/mcsim/pin/source/tools/../../extras/components/include -I/home/lorabit/mcsim/pin/source/tools/../../source/include/pin -I/home/lorabit/mcsim/pin/source/tools/../../source/include/pin/gen -DTARGET_IA32E -DHOST_IA32E -fPIC -DTARGET_LINUX -O3 -g -I/usr/local/include -o obj_opt/PthreadCond.o PthreadCond.cc
g++ -c -fPIC -fPIC -Wno-unknown-pragmas -DNDEBUG -O3 -g  -DEXTENGINE -fPIC  -DBIGARRAY_MULTIPLIER=1 -DUSING_XED -DNDEBUG -fno-strict-aliasing -I/home/lorabit/mcsim/pin/source/tools/Include -I/home/lorabit/mcsim/pin/source/tools/InstLib -I/home/lorabit/mcsim/pin/source/tools/../../extras/xed2017/include/xed  -I/home/lorabit/mcsim/pin/source/tools/../../extras/components/include -I/home/lorabit/mcsim/pin/source/tools/../../source/include/pin -I/home/lorabit/mcsim/pin/source/tools/../../source/include/pin/gen -DTARGET_IA32E -DHOST_IA32E -fPIC -DTARGET_LINUX -O3 -g -I/usr/local/include -o obj_opt/PthreadCleanup.o PthreadCleanup.cc
g++ -c -fPIC -fPIC -Wno-unknown-pragmas -DNDEBUG -O3 -g  -DEXTENGINE -fPIC  -DBIGARRAY_MULTIPLIER=1 -DUSING_XED -DNDEBUG -fno-strict-aliasing -I/home/lorabit/mcsim/pin/source/tools/Include -I/home/lorabit/mcsim/pin/source/tools/InstLib -I/home/lorabit/mcsim/pin/source/tools/../../extras/xed2017/include/xed  -I/home/lorabit/mcsim/pin/source/tools/../../extras/components/include -I/home/lorabit/mcsim/pin/source/tools/../../source/include/pin -I/home/lorabit/mcsim/pin/source/tools/../../source/include/pin/gen -DTARGET_IA32E -DHOST_IA32E -fPIC -DTARGET_LINUX -O3 -g -I/usr/local/include -o obj_opt/PthreadCancel.o PthreadCancel.cc
g++ -c -fPIC -fPIC -Wno-unknown-pragmas -DNDEBUG -O3 -g  -DEXTENGINE -fPIC  -DBIGARRAY_MULTIPLIER=1 -DUSING_XED -DNDEBUG -fno-strict-aliasing -I/home/lorabit/mcsim/pin/source/tools/Include -I/home/lorabit/mcsim/pin/source/tools/InstLib -I/home/lorabit/mcsim/pin/source/tools/../../extras/xed2017/include/xed  -I/home/lorabit/mcsim/pin/source/tools/../../extras/components/include -I/home/lorabit/mcsim/pin/source/tools/../../source/include/pin -I/home/lorabit/mcsim/pin/source/tools/../../source/include/pin/gen -DTARGET_IA32E -DHOST_IA32E -fPIC -DTARGET_LINUX -O3 -g -I/usr/local/include -o obj_opt/PthreadJoin.o PthreadJoin.cc
g++ -c -fPIC -fPIC -Wno-unknown-pragmas -DNDEBUG -O3 -g  -DEXTENGINE -fPIC  -DBIGARRAY_MULTIPLIER=1 -DUSING_XED -DNDEBUG -fno-strict-aliasing -I/home/lorabit/mcsim/pin/source/tools/Include -I/home/lorabit/mcsim/pin/source/tools/InstLib -I/home/lorabit/mcsim/pin/source/tools/../../extras/xed2017/include/xed  -I/home/lorabit/mcsim/pin/source/tools/../../extras/components/include -I/home/lorabit/mcsim/pin/source/tools/../../source/include/pin -I/home/lorabit/mcsim/pin/source/tools/../../source/include/pin/gen -DTARGET_IA32E -DHOST_IA32E -fPIC -DTARGET_LINUX -O3 -g -I/usr/local/include -o obj_opt/PthreadMalloc.o PthreadMalloc.cc
g++ -c -fPIC -fPIC -Wno-unknown-pragmas -DNDEBUG -O3 -g  -DEXTENGINE -fPIC  -DBIGARRAY_MULTIPLIER=1 -DUSING_XED -DNDEBUG -fno-strict-aliasing -I/home/lorabit/mcsim/pin/source/tools/Include -I/home/lorabit/mcsim/pin/source/tools/InstLib -I/home/lorabit/mcsim/pin/source/tools/../../extras/xed2017/include/xed  -I/home/lorabit/mcsim/pin/source/tools/../../extras/components/include -I/home/lorabit/mcsim/pin/source/tools/../../source/include/pin -I/home/lorabit/mcsim/pin/source/tools/../../source/include/pin/gen -DTARGET_IA32E -DHOST_IA32E -fPIC -DTARGET_LINUX -O3 -g -I/usr/local/include -o obj_opt/EEPthreadSim.o EEPthreadSim.cc
g++ -c -fPIC -fPIC -Wno-unknown-pragmas -DNDEBUG -O3 -g  -DEXTENGINE -fPIC  -DBIGARRAY_MULTIPLIER=1 -DUSING_XED -DNDEBUG -fno-strict-aliasing -I/home/lorabit/mcsim/pin/source/tools/Include -I/home/lorabit/mcsim/pin/source/tools/InstLib -I/home/lorabit/mcsim/pin/source/tools/../../extras/xed2017/include/xed  -I/home/lorabit/mcsim/pin/source/tools/../../extras/components/include -I/home/lorabit/mcsim/pin/source/tools/../../source/include/pin -I/home/lorabit/mcsim/pin/source/tools/../../source/include/pin/gen -DTARGET_IA32E -DHOST_IA32E -fPIC -DTARGET_LINUX -O3 -g -I/usr/local/include -o obj_opt/EEPthreadScheduler.o EEPthreadScheduler.cc
g++ -c -fPIC -fPIC -Wno-unknown-pragmas -DNDEBUG -O3 -g  -DEXTENGINE -fPIC  -DBIGARRAY_MULTIPLIER=1 -DUSING_XED -DNDEBUG -fno-strict-aliasing -I/home/lorabit/mcsim/pin/source/tools/Include -I/home/lorabit/mcsim/pin/source/tools/InstLib -I/home/lorabit/mcsim/pin/source/tools/../../extras/xed2017/include/xed  -I/home/lorabit/mcsim/pin/source/tools/../../extras/components/include -I/home/lorabit/mcsim/pin/source/tools/../../source/include/pin -I/home/lorabit/mcsim/pin/source/tools/../../source/include/pin/gen -DTARGET_IA32E -DHOST_IA32E -fPIC -DTARGET_LINUX -O3 -g -I/usr/local/include -o obj_opt/PTS.o PTS.cc
g++ -c -fPIC -fPIC -Wno-unknown-pragmas -DNDEBUG -O3 -g  -DEXTENGINE -fPIC  -DBIGARRAY_MULTIPLIER=1 -DUSING_XED -DNDEBUG -fno-strict-aliasing -I/home/lorabit/mcsim/pin/source/tools/Include -I/home/lorabit/mcsim/pin/source/tools/InstLib -I/home/lorabit/mcsim/pin/source/tools/../../extras/xed2017/include/xed  -I/home/lorabit/mcsim/pin/source/tools/../../extras/components/include -I/home/lorabit/mcsim/pin/source/tools/../../source/include/pin -I/home/lorabit/mcsim/pin/source/tools/../../source/include/pin/gen -DTARGET_IA32E -DHOST_IA32E -fPIC -DTARGET_LINUX -O3 -g -I/usr/local/include -o obj_opt/mypthreadtool.o mypthreadtool.cc
gcc -c -o obj_opt/mypthread.o mypthread.cc
ar ru obj_opt/libmypthread.a obj_opt/mypthread.o
ranlib obj_opt/libmypthread.a
g++ obj_opt/PthreadUtil.o obj_opt/PthreadAttr.o obj_opt/PthreadOnce.o obj_opt/PthreadKey.o obj_opt/PthreadMutexAttr.o obj_opt/PthreadMutex.o obj_opt/PthreadBarrier.o obj_opt/PthreadCondAttr.o obj_opt/PthreadCond.o obj_opt/PthreadCleanup.o obj_opt/PthreadCancel.o obj_opt/PthreadJoin.o obj_opt/PthreadMalloc.o obj_opt/EEPthreadSim.o obj_opt/EEPthreadScheduler.o obj_opt/PTS.o obj_opt/mypthreadtool.o -fPIC -DNDEBUG -shared -Wl,-Bsymbolic -Wl,--version-script=../../../source/include/pin/pintool.ver -L/home/lorabit/mcsim/pin/source/tools/Lib/ -L/home/lorabit/mcsim/pin/source/tools/ExtLib/ -L/home/lorabit/mcsim/pin/source/tools/../../extras/xed2017/lib -L/home/lorabit/mcsim/pin/source/tools/../../intel64/lib -L/home/lorabit/mcsim/pin/source/tools/../../intel64/lib-ext -o obj_opt/mypthreadtool -lpin  -ldwarf -lelf -ldl  -L/usr/local/lib -lsnappy -pthread
cp -f obj_opt/mypthreadtool mypthreadtool
cp -f obj_opt/libmypthread.a libmypthread.a
make[1]: Leaving directory `/home/lorabit/mcsim/Pthread'
make[1]: Entering directory `/home/lorabit/mcsim/Pthread'
cp -f obj_opt/mypthreadtool mypthreadtool
cp -f obj_opt/libmypthread.a libmypthread.a
make[1]: Leaving directory `/home/lorabit/mcsim/Pthread'
make[1]: Entering directory `/home/lorabit/mcsim/Pthread'
g++ -c -fPIC -fPIC -Wno-unknown-pragmas -DNDEBUG -O3 -g  -DEXTENGINE -fPIC  -DBIGARRAY_MULTIPLIER=1 -DUSING_XED -DNDEBUG -fno-strict-aliasing -I/home/lorabit/mcsim/pin/source/tools/Include -I/home/lorabit/mcsim/pin/source/tools/InstLib -I/home/lorabit/mcsim/pin/source/tools/../../extras/xed2017/include/xed  -I/home/lorabit/mcsim/pin/source/tools/../../extras/components/include -I/home/lorabit/mcsim/pin/source/tools/../../source/include/pin -I/home/lorabit/mcsim/pin/source/tools/../../source/include/pin/gen -DTARGET_IA32E -DHOST_IA32E -fPIC -DTARGET_LINUX -O3 -g -I/usr/local/include -o obj_opt/mypthreadtool.o mypthreadtool.cc
g++ obj_opt/PthreadUtil.o obj_opt/PthreadAttr.o obj_opt/PthreadOnce.o obj_opt/PthreadKey.o obj_opt/PthreadMutexAttr.o obj_opt/PthreadMutex.o obj_opt/PthreadBarrier.o obj_opt/PthreadCondAttr.o obj_opt/PthreadCond.o obj_opt/PthreadCleanup.o obj_opt/PthreadCancel.o obj_opt/PthreadJoin.o obj_opt/PthreadMalloc.o obj_opt/EEPthreadSim.o obj_opt/EEPthreadScheduler.o obj_opt/PTS.o obj_opt/mypthreadtool.o -fPIC -DNDEBUG -shared -Wl,-Bsymbolic -Wl,--version-script=../../../source/include/pin/pintool.ver -L/home/lorabit/mcsim/pin/source/tools/Lib/ -L/home/lorabit/mcsim/pin/source/tools/ExtLib/ -L/home/lorabit/mcsim/pin/source/tools/../../extras/xed2017/lib -L/home/lorabit/mcsim/pin/source/tools/../../intel64/lib -L/home/lorabit/mcsim/pin/source/tools/../../intel64/lib-ext -o obj_opt/mypthreadtool -lpin  -ldwarf -lelf -ldl  -L/usr/local/lib -lsnappy -pthread
cp -f obj_opt/mypthreadtool mypthreadtool
cp -f obj_opt/libmypthread.a libmypthread.a
make[1]: Leaving directory `/home/lorabit/mcsim/Pthread'
make[1]: Entering directory `/home/lorabit/mcsim/Pthread'
cp -f obj_opt/mypthreadtool mypthreadtool
cp -f obj_opt/libmypthread.a libmypthread.a
make[1]: Leaving directory `/home/lorabit/mcsim/Pthread'
make[1]: Entering directory `/home/lorabit/mcsim/Pthread'
g++ -c -fPIC -fPIC -Wno-unknown-pragmas -DNDEBUG -O3 -g  -DEXTENGINE -fPIC  -DBIGARRAY_MULTIPLIER=1 -DUSING_XED -DNDEBUG -fno-strict-aliasing -I/home/lorabit/mcsim/pin/source/tools/Include -I/home/lorabit/mcsim/pin/source/tools/InstLib -I/home/lorabit/mcsim/pin/source/tools/../../extras/xed2017/include/xed  -I/home/lorabit/mcsim/pin/source/tools/../../extras/components/include -I/home/lorabit/mcsim/pin/source/tools/../../source/include/pin -I/home/lorabit/mcsim/pin/source/tools/../../source/include/pin/gen -DTARGET_IA32E -DHOST_IA32E -fPIC -DTARGET_LINUX -O3 -g -I/usr/local/include -o obj_opt/mypthreadtool.o mypthreadtool.cc
g++ obj_opt/PthreadUtil.o obj_opt/PthreadAttr.o obj_opt/PthreadOnce.o obj_opt/PthreadKey.o obj_opt/PthreadMutexAttr.o obj_opt/PthreadMutex.o obj_opt/PthreadBarrier.o obj_opt/PthreadCondAttr.o obj_opt/PthreadCond.o obj_opt/PthreadCleanup.o obj_opt/PthreadCancel.o obj_opt/PthreadJoin.o obj_opt/PthreadMalloc.o obj_opt/EEPthreadSim.o obj_opt/EEPthreadScheduler.o obj_opt/PTS.o obj_opt/mypthreadtool.o -fPIC -DNDEBUG -shared -Wl,-Bsymbolic -Wl,--version-script=../../../source/include/pin/pintool.ver -L/home/lorabit/mcsim/pin/source/tools/Lib/ -L/home/lorabit/mcsim/pin/source/tools/ExtLib/ -L/home/lorabit/mcsim/pin/source/tools/../../extras/xed2017/lib -L/home/lorabit/mcsim/pin/source/tools/../../intel64/lib -L/home/lorabit/mcsim/pin/source/tools/../../intel64/lib-ext -o obj_opt/mypthreadtool -lpin  -ldwarf -lelf -ldl  -L/usr/local/lib -lsnappy -pthread
cp -f obj_opt/mypthreadtool mypthreadtool
cp -f obj_opt/libmypthread.a libmypthread.a
make[1]: Leaving directory `/home/lorabit/mcsim/Pthread'
make[1]: Entering directory `/home/lorabit/mcsim/Pthread'
cp -f obj_opt/mypthreadtool mypthreadtool
cp -f obj_opt/libmypthread.a libmypthread.a
make[1]: Leaving directory `/home/lorabit/mcsim/Pthread'
make[1]: Entering directory `/home/lorabit/mcsim/Pthread'
cp -f obj_opt/mypthreadtool mypthreadtool
cp -f obj_opt/libmypthread.a libmypthread.a
make[1]: Leaving directory `/home/lorabit/mcsim/Pthread'
make[1]: Entering directory `/home/lorabit/mcsim/Pthread'
cp -f obj_opt/mypthreadtool mypthreadtool
cp -f obj_opt/libmypthread.a libmypthread.a
make[1]: Leaving directory `/home/lorabit/mcsim/Pthread'
make[1]: Entering directory `/home/lorabit/mcsim/Pthread'
g++ -c -fPIC -fPIC -Wno-unknown-pragmas -DNDEBUG -O3 -g  -DEXTENGINE -fPIC  -DBIGARRAY_MULTIPLIER=1 -DUSING_XED -DNDEBUG -fno-strict-aliasing -I/home/lorabit/mcsim/pin/source/tools/Include -I/home/lorabit/mcsim/pin/source/tools/InstLib -I/home/lorabit/mcsim/pin/source/tools/../../extras/xed2017/include/xed  -I/home/lorabit/mcsim/pin/source/tools/../../extras/components/include -I/home/lorabit/mcsim/pin/source/tools/../../source/include/pin -I/home/lorabit/mcsim/pin/source/tools/../../source/include/pin/gen -DTARGET_IA32E -DHOST_IA32E -fPIC -DTARGET_LINUX -O3 -g -I/usr/local/include -o obj_opt/mypthreadtool.o mypthreadtool.cc
g++ obj_opt/PthreadUtil.o obj_opt/PthreadAttr.o obj_opt/PthreadOnce.o obj_opt/PthreadKey.o obj_opt/PthreadMutexAttr.o obj_opt/PthreadMutex.o obj_opt/PthreadBarrier.o obj_opt/PthreadCondAttr.o obj_opt/PthreadCond.o obj_opt/PthreadCleanup.o obj_opt/PthreadCancel.o obj_opt/PthreadJoin.o obj_opt/PthreadMalloc.o obj_opt/EEPthreadSim.o obj_opt/EEPthreadScheduler.o obj_opt/PTS.o obj_opt/mypthreadtool.o -fPIC -DNDEBUG -shared -Wl,-Bsymbolic -Wl,--version-script=../../../source/include/pin/pintool.ver -L/home/lorabit/mcsim/pin/source/tools/Lib/ -L/home/lorabit/mcsim/pin/source/tools/ExtLib/ -L/home/lorabit/mcsim/pin/source/tools/../../extras/xed2017/lib -L/home/lorabit/mcsim/pin/source/tools/../../intel64/lib -L/home/lorabit/mcsim/pin/source/tools/../../intel64/lib-ext -o obj_opt/mypthreadtool -lpin  -ldwarf -lelf -ldl  -L/usr/local/lib -lsnappy -pthread
cp -f obj_opt/mypthreadtool mypthreadtool
cp -f obj_opt/libmypthread.a libmypthread.a
make[1]: Leaving directory `/home/lorabit/mcsim/Pthread'
make[1]: Entering directory `/home/lorabit/mcsim/Pthread'
cp -f obj_opt/mypthreadtool mypthreadtool
cp -f obj_opt/libmypthread.a libmypthread.a
make[1]: Leaving directory `/home/lorabit/mcsim/Pthread'
make[1]: Entering directory `/home/lorabit/mcsim/Pthread'
cp -f obj_opt/mypthreadtool mypthreadtool
cp -f obj_opt/libmypthread.a libmypthread.a
make[1]: Leaving directory `/home/lorabit/mcsim/Pthread'
make[1]: Entering directory `/home/lorabit/mcsim/Pthread'
g++ -c -fPIC -fPIC -Wno-unknown-pragmas -DNDEBUG -O3 -g  -DEXTENGINE -fPIC  -DBIGARRAY_MULTIPLIER=1 -DUSING_XED -DNDEBUG -fno-strict-aliasing -I/home/lorabit/mcsim/pin/source/tools/Include -I/home/lorabit/mcsim/pin/source/tools/InstLib -I/home/lorabit/mcsim/pin/source/tools/../../extras/xed2017/include/xed  -I/home/lorabit/mcsim/pin/source/tools/../../extras/components/include -I/home/lorabit/mcsim/pin/source/tools/../../source/include/pin -I/home/lorabit/mcsim/pin/source/tools/../../source/include/pin/gen -DTARGET_IA32E -DHOST_IA32E -fPIC -DTARGET_LINUX -O3 -g -I/usr/local/include -o obj_opt/mypthreadtool.o mypthreadtool.cc
g++ obj_opt/PthreadUtil.o obj_opt/PthreadAttr.o obj_opt/PthreadOnce.o obj_opt/PthreadKey.o obj_opt/PthreadMutexAttr.o obj_opt/PthreadMutex.o obj_opt/PthreadBarrier.o obj_opt/PthreadCondAttr.o obj_opt/PthreadCond.o obj_opt/PthreadCleanup.o obj_opt/PthreadCancel.o obj_opt/PthreadJoin.o obj_opt/PthreadMalloc.o obj_opt/EEPthreadSim.o obj_opt/EEPthreadScheduler.o obj_opt/PTS.o obj_opt/mypthreadtool.o -fPIC -DNDEBUG -shared -Wl,-Bsymbolic -Wl,--version-script=../../../source/include/pin/pintool.ver -L/home/lorabit/mcsim/pin/source/tools/Lib/ -L/home/lorabit/mcsim/pin/source/tools/ExtLib/ -L/home/lorabit/mcsim/pin/source/tools/../../extras/xed2017/lib -L/home/lorabit/mcsim/pin/source/tools/../../intel64/lib -L/home/lorabit/mcsim/pin/source/tools/../../intel64/lib-ext -o obj_opt/mypthreadtool -lpin  -ldwarf -lelf -ldl  -L/usr/local/lib -lsnappy -pthread
cp -f obj_opt/mypthreadtool mypthreadtool
cp -f obj_opt/libmypthread.a libmypthread.a
make[1]: Leaving directory `/home/lorabit/mcsim/Pthread'
make[1]: Entering directory `/home/lorabit/mcsim/Pthread'
g++ -c -fPIC -fPIC -Wno-unknown-pragmas -DNDEBUG -O3 -g  -DEXTENGINE -fPIC  -DBIGARRAY_MULTIPLIER=1 -DUSING_XED -DNDEBUG -fno-strict-aliasing -I/home/lorabit/mcsim/pin/source/tools/Include -I/home/lorabit/mcsim/pin/source/tools/InstLib -I/home/lorabit/mcsim/pin/source/tools/../../extras/xed2017/include/xed  -I/home/lorabit/mcsim/pin/source/tools/../../extras/components/include -I/home/lorabit/mcsim/pin/source/tools/../../source/include/pin -I/home/lorabit/mcsim/pin/source/tools/../../source/include/pin/gen -DTARGET_IA32E -DHOST_IA32E -fPIC -DTARGET_LINUX -O3 -g -I/usr/local/include -o obj_opt/mypthreadtool.o mypthreadtool.cc
g++ obj_opt/PthreadUtil.o obj_opt/PthreadAttr.o obj_opt/PthreadOnce.o obj_opt/PthreadKey.o obj_opt/PthreadMutexAttr.o obj_opt/PthreadMutex.o obj_opt/PthreadBarrier.o obj_opt/PthreadCondAttr.o obj_opt/PthreadCond.o obj_opt/PthreadCleanup.o obj_opt/PthreadCancel.o obj_opt/PthreadJoin.o obj_opt/PthreadMalloc.o obj_opt/EEPthreadSim.o obj_opt/EEPthreadScheduler.o obj_opt/PTS.o obj_opt/mypthreadtool.o -fPIC -DNDEBUG -shared -Wl,-Bsymbolic -Wl,--version-script=../../../source/include/pin/pintool.ver -L/home/lorabit/mcsim/pin/source/tools/Lib/ -L/home/lorabit/mcsim/pin/source/tools/ExtLib/ -L/home/lorabit/mcsim/pin/source/tools/../../extras/xed2017/lib -L/home/lorabit/mcsim/pin/source/tools/../../intel64/lib -L/home/lorabit/mcsim/pin/source/tools/../../intel64/lib-ext -o obj_opt/mypthreadtool -lpin  -ldwarf -lelf -ldl  -L/usr/local/lib -lsnappy -pthread
cp -f obj_opt/mypthreadtool mypthreadtool
cp -f obj_opt/libmypthread.a libmypthread.a
make[1]: Leaving directory `/home/lorabit/mcsim/Pthread'
make[1]: Entering directory `/home/lorabit/mcsim/Pthread'
cp -f obj_opt/mypthreadtool mypthreadtool
cp -f obj_opt/libmypthread.a libmypthread.a
make[1]: Leaving directory `/home/lorabit/mcsim/Pthread'
make[1]: Entering directory `/home/lorabit/mcsim/Pthread'
cp -f obj_opt/mypthreadtool mypthreadtool
cp -f obj_opt/libmypthread.a libmypthread.a
make[1]: Leaving directory `/home/lorabit/mcsim/Pthread'
make[1]: Entering directory `/home/lorabit/mcsim/Pthread'
cp -f obj_opt/mypthreadtool mypthreadtool
cp -f obj_opt/libmypthread.a libmypthread.a
make[1]: Leaving directory `/home/lorabit/mcsim/Pthread'
make[1]: Entering directory `/home/lorabit/mcsim/Pthread'
g++ -c -fPIC -fPIC -Wno-unknown-pragmas -DNDEBUG -O3 -g  -DEXTENGINE -fPIC  -DBIGARRAY_MULTIPLIER=1 -DUSING_XED -DNDEBUG -fno-strict-aliasing -I/home/lorabit/mcsim/pin/source/tools/Include -I/home/lorabit/mcsim/pin/source/tools/InstLib -I/home/lorabit/mcsim/pin/source/tools/../../extras/xed2017/include/xed  -I/home/lorabit/mcsim/pin/source/tools/../../extras/components/include -I/home/lorabit/mcsim/pin/source/tools/../../source/include/pin -I/home/lorabit/mcsim/pin/source/tools/../../source/include/pin/gen -DTARGET_IA32E -DHOST_IA32E -fPIC -DTARGET_LINUX -O3 -g -I/usr/local/include -o obj_opt/mypthreadtool.o mypthreadtool.cc
g++ obj_opt/PthreadUtil.o obj_opt/PthreadAttr.o obj_opt/PthreadOnce.o obj_opt/PthreadKey.o obj_opt/PthreadMutexAttr.o obj_opt/PthreadMutex.o obj_opt/PthreadBarrier.o obj_opt/PthreadCondAttr.o obj_opt/PthreadCond.o obj_opt/PthreadCleanup.o obj_opt/PthreadCancel.o obj_opt/PthreadJoin.o obj_opt/PthreadMalloc.o obj_opt/EEPthreadSim.o obj_opt/EEPthreadScheduler.o obj_opt/PTS.o obj_opt/mypthreadtool.o -fPIC -DNDEBUG -shared -Wl,-Bsymbolic -Wl,--version-script=../../../source/include/pin/pintool.ver -L/home/lorabit/mcsim/pin/source/tools/Lib/ -L/home/lorabit/mcsim/pin/source/tools/ExtLib/ -L/home/lorabit/mcsim/pin/source/tools/../../extras/xed2017/lib -L/home/lorabit/mcsim/pin/source/tools/../../intel64/lib -L/home/lorabit/mcsim/pin/source/tools/../../intel64/lib-ext -o obj_opt/mypthreadtool -lpin  -ldwarf -lelf -ldl  -L/usr/local/lib -lsnappy -pthread
cp -f obj_opt/mypthreadtool mypthreadtool
cp -f obj_opt/libmypthread.a libmypthread.a
make[1]: Leaving directory `/home/lorabit/mcsim/Pthread'
make[1]: Entering directory `/home/lorabit/mcsim/Pthread'
cp -f obj_opt/mypthreadtool mypthreadtool
cp -f obj_opt/libmypthread.a libmypthread.a
make[1]: Leaving directory `/home/lorabit/mcsim/Pthread'
make[1]: Entering directory `/home/lorabit/mcsim/Pthread'
cp -f obj_opt/mypthreadtool mypthreadtool
cp -f obj_opt/libmypthread.a libmypthread.a
make[1]: Leaving directory `/home/lorabit/mcsim/Pthread'
make[1]: Entering directory `/home/lorabit/mcsim/Pthread'
cp -f obj_opt/mypthreadtool mypthreadtool
cp -f obj_opt/libmypthread.a libmypthread.a
make[1]: Leaving directory `/home/lorabit/mcsim/Pthread'
make[1]: Entering directory `/home/lorabit/mcsim/Pthread'
cp -f obj_opt/mypthreadtool mypthreadtool
cp -f obj_opt/libmypthread.a libmypthread.a
make[1]: Leaving directory `/home/lorabit/mcsim/Pthread'
make[1]: Entering directory `/home/lorabit/mcsim/Pthread'
cp -f obj_opt/mypthreadtool mypthreadtool
cp -f obj_opt/libmypthread.a libmypthread.a
make[1]: Leaving directory `/home/lorabit/mcsim/Pthread'
make[1]: Entering directory `/home/lorabit/mcsim/Pthread'
cp -f obj_opt/mypthreadtool mypthreadtool
cp -f obj_opt/libmypthread.a libmypthread.a
make[1]: Leaving directory `/home/lorabit/mcsim/Pthread'
make[1]: Entering directory `/home/lorabit/mcsim/Pthread'
cp -f obj_opt/mypthreadtool mypthreadtool
cp -f obj_opt/libmypthread.a libmypthread.a
make[1]: Leaving directory `/home/lorabit/mcsim/Pthread'
make[1]: Entering directory `/home/lorabit/mcsim/Pthread'
cp -f obj_opt/mypthreadtool mypthreadtool
cp -f obj_opt/libmypthread.a libmypthread.a
make[1]: Leaving directory `/home/lorabit/mcsim/Pthread'
make[1]: Entering directory `/home/lorabit/mcsim/Pthread'
cp -f obj_opt/mypthreadtool mypthreadtool
cp -f obj_opt/libmypthread.a libmypthread.a
make[1]: Leaving directory `/home/lorabit/mcsim/Pthread'
make[1]: Entering directory `/home/lorabit/mcsim/Pthread'
cp -f obj_opt/mypthreadtool mypthreadtool
cp -f obj_opt/libmypthread.a libmypthread.a
make[1]: Leaving directory `/home/lorabit/mcsim/Pthread'
make[1]: Entering directory `/home/lorabit/mcsim/Pthread'
cp -f obj_opt/mypthreadtool mypthreadtool
cp -f obj_opt/libmypthread.a libmypthread.a
make[1]: Leaving directory `/home/lorabit/mcsim/Pthread'
make[1]: Entering directory `/home/lorabit/mcsim/Pthread'
cp -f obj_opt/mypthreadtool mypthreadtool
cp -f obj_opt/libmypthread.a libmypthread.a
make[1]: Leaving directory `/home/lorabit/mcsim/Pthread'
make[1]: Entering directory `/home/lorabit/mcsim/Pthread'
g++ -c -fPIC -fPIC -Wno-unknown-pragmas -DNDEBUG -O3 -g  -DEXTENGINE -fPIC  -DBIGARRAY_MULTIPLIER=1 -DUSING_XED -DNDEBUG -fno-strict-aliasing -I/home/lorabit/mcsim/pin/source/tools/Include -I/home/lorabit/mcsim/pin/source/tools/InstLib -I/home/lorabit/mcsim/pin/source/tools/../../extras/xed2017/include/xed  -I/home/lorabit/mcsim/pin/source/tools/../../extras/components/include -I/home/lorabit/mcsim/pin/source/tools/../../source/include/pin -I/home/lorabit/mcsim/pin/source/tools/../../source/include/pin/gen -DTARGET_IA32E -DHOST_IA32E -fPIC -DTARGET_LINUX -O3 -g -I/usr/local/include -o obj_opt/mypthreadtool.o mypthreadtool.cc
g++ obj_opt/PthreadUtil.o obj_opt/PthreadAttr.o obj_opt/PthreadOnce.o obj_opt/PthreadKey.o obj_opt/PthreadMutexAttr.o obj_opt/PthreadMutex.o obj_opt/PthreadBarrier.o obj_opt/PthreadCondAttr.o obj_opt/PthreadCond.o obj_opt/PthreadCleanup.o obj_opt/PthreadCancel.o obj_opt/PthreadJoin.o obj_opt/PthreadMalloc.o obj_opt/EEPthreadSim.o obj_opt/EEPthreadScheduler.o obj_opt/PTS.o obj_opt/mypthreadtool.o -fPIC -DNDEBUG -shared -Wl,-Bsymbolic -Wl,--version-script=../../../source/include/pin/pintool.ver -L/home/lorabit/mcsim/pin/source/tools/Lib/ -L/home/lorabit/mcsim/pin/source/tools/ExtLib/ -L/home/lorabit/mcsim/pin/source/tools/../../extras/xed2017/lib -L/home/lorabit/mcsim/pin/source/tools/../../intel64/lib -L/home/lorabit/mcsim/pin/source/tools/../../intel64/lib-ext -o obj_opt/mypthreadtool -lpin  -ldwarf -lelf -ldl  -L/usr/local/lib -lsnappy -pthread
cp -f obj_opt/mypthreadtool mypthreadtool
cp -f obj_opt/libmypthread.a libmypthread.a
make[1]: Leaving directory `/home/lorabit/mcsim/Pthread'
make[1]: Entering directory `/home/lorabit/mcsim/Pthread'
g++ -c -fPIC -fPIC -Wno-unknown-pragmas -DNDEBUG -O3 -g  -DEXTENGINE -fPIC  -DBIGARRAY_MULTIPLIER=1 -DUSING_XED -DNDEBUG -fno-strict-aliasing -I/home/lorabit/mcsim/pin/source/tools/Include -I/home/lorabit/mcsim/pin/source/tools/InstLib -I/home/lorabit/mcsim/pin/source/tools/../../extras/xed2017/include/xed  -I/home/lorabit/mcsim/pin/source/tools/../../extras/components/include -I/home/lorabit/mcsim/pin/source/tools/../../source/include/pin -I/home/lorabit/mcsim/pin/source/tools/../../source/include/pin/gen -DTARGET_IA32E -DHOST_IA32E -fPIC -DTARGET_LINUX -O3 -g -I/usr/local/include -o obj_opt/mypthreadtool.o mypthreadtool.cc
g++ obj_opt/PthreadUtil.o obj_opt/PthreadAttr.o obj_opt/PthreadOnce.o obj_opt/PthreadKey.o obj_opt/PthreadMutexAttr.o obj_opt/PthreadMutex.o obj_opt/PthreadBarrier.o obj_opt/PthreadCondAttr.o obj_opt/PthreadCond.o obj_opt/PthreadCleanup.o obj_opt/PthreadCancel.o obj_opt/PthreadJoin.o obj_opt/PthreadMalloc.o obj_opt/EEPthreadSim.o obj_opt/EEPthreadScheduler.o obj_opt/PTS.o obj_opt/mypthreadtool.o -fPIC -DNDEBUG -shared -Wl,-Bsymbolic -Wl,--version-script=../../../source/include/pin/pintool.ver -L/home/lorabit/mcsim/pin/source/tools/Lib/ -L/home/lorabit/mcsim/pin/source/tools/ExtLib/ -L/home/lorabit/mcsim/pin/source/tools/../../extras/xed2017/lib -L/home/lorabit/mcsim/pin/source/tools/../../intel64/lib -L/home/lorabit/mcsim/pin/source/tools/../../intel64/lib-ext -o obj_opt/mypthreadtool -lpin  -ldwarf -lelf -ldl  -L/usr/local/lib -lsnappy -pthread
cp -f obj_opt/mypthreadtool mypthreadtool
cp -f obj_opt/libmypthread.a libmypthread.a
make[1]: Leaving directory `/home/lorabit/mcsim/Pthread'
make[1]: Entering directory `/home/lorabit/mcsim/Pthread'
g++ -c -fPIC -fPIC -Wno-unknown-pragmas -DNDEBUG -O3 -g  -DEXTENGINE -fPIC  -DBIGARRAY_MULTIPLIER=1 -DUSING_XED -DNDEBUG -fno-strict-aliasing -I/home/lorabit/mcsim/pin/source/tools/Include -I/home/lorabit/mcsim/pin/source/tools/InstLib -I/home/lorabit/mcsim/pin/source/tools/../../extras/xed2017/include/xed  -I/home/lorabit/mcsim/pin/source/tools/../../extras/components/include -I/home/lorabit/mcsim/pin/source/tools/../../source/include/pin -I/home/lorabit/mcsim/pin/source/tools/../../source/include/pin/gen -DTARGET_IA32E -DHOST_IA32E -fPIC -DTARGET_LINUX -O3 -g -I/usr/local/include -o obj_opt/mypthreadtool.o mypthreadtool.cc
g++ obj_opt/PthreadUtil.o obj_opt/PthreadAttr.o obj_opt/PthreadOnce.o obj_opt/PthreadKey.o obj_opt/PthreadMutexAttr.o obj_opt/PthreadMutex.o obj_opt/PthreadBarrier.o obj_opt/PthreadCondAttr.o obj_opt/PthreadCond.o obj_opt/PthreadCleanup.o obj_opt/PthreadCancel.o obj_opt/PthreadJoin.o obj_opt/PthreadMalloc.o obj_opt/EEPthreadSim.o obj_opt/EEPthreadScheduler.o obj_opt/PTS.o obj_opt/mypthreadtool.o -fPIC -DNDEBUG -shared -Wl,-Bsymbolic -Wl,--version-script=../../../source/include/pin/pintool.ver -L/home/lorabit/mcsim/pin/source/tools/Lib/ -L/home/lorabit/mcsim/pin/source/tools/ExtLib/ -L/home/lorabit/mcsim/pin/source/tools/../../extras/xed2017/lib -L/home/lorabit/mcsim/pin/source/tools/../../intel64/lib -L/home/lorabit/mcsim/pin/source/tools/../../intel64/lib-ext -o obj_opt/mypthreadtool -lpin  -ldwarf -lelf -ldl  -L/usr/local/lib -lsnappy -pthread
cp -f obj_opt/mypthreadtool mypthreadtool
cp -f obj_opt/libmypthread.a libmypthread.a
make[1]: Leaving directory `/home/lorabit/mcsim/Pthread'
make[1]: Entering directory `/home/lorabit/mcsim/Pthread'
cp -f obj_opt/mypthreadtool mypthreadtool
cp -f obj_opt/libmypthread.a libmypthread.a
make[1]: Leaving directory `/home/lorabit/mcsim/Pthread'
make[1]: Entering directory `/home/lorabit/mcsim/Pthread'
cp -f obj_opt/mypthreadtool mypthreadtool
cp -f obj_opt/libmypthread.a libmypthread.a
make[1]: Leaving directory `/home/lorabit/mcsim/Pthread'
make[1]: Entering directory `/home/lorabit/mcsim/Pthread'
g++ -c -fPIC -fPIC -Wno-unknown-pragmas -DNDEBUG -O3 -g  -DEXTENGINE -fPIC  -DBIGARRAY_MULTIPLIER=1 -DUSING_XED -DNDEBUG -fno-strict-aliasing -I/home/lorabit/mcsim/pin/source/tools/Include -I/home/lorabit/mcsim/pin/source/tools/InstLib -I/home/lorabit/mcsim/pin/source/tools/../../extras/xed2/include  -I/home/lorabit/mcsim/pin/source/tools/../../extras/components/include -I/home/lorabit/mcsim/pin/source/tools/../../source/include/pin -I/home/lorabit/mcsim/pin/source/tools/../../source/include/pin/gen -DTARGET_IA32E -DHOST_IA32E -fPIC -DTARGET_LINUX -O3 -g -I/usr/local/include -o obj_opt/mypthreadtool.o mypthreadtool.cc
g++ obj_opt/PthreadUtil.o obj_opt/PthreadAttr.o obj_opt/PthreadOnce.o obj_opt/PthreadKey.o obj_opt/PthreadMutexAttr.o obj_opt/PthreadMutex.o obj_opt/PthreadBarrier.o obj_opt/PthreadCondAttr.o obj_opt/PthreadCond.o obj_opt/PthreadCleanup.o obj_opt/PthreadCancel.o obj_opt/PthreadJoin.o obj_opt/PthreadMalloc.o obj_opt/EEPthreadSim.o obj_opt/EEPthreadScheduler.o obj_opt/PTS.o obj_opt/mypthreadtool.o -fPIC -DNDEBUG -shared -Wl,-Bsymbolic -Wl,--version-script=../../../source/include/pin/pintool.ver -L/home/lorabit/mcsim/pin/source/tools/Lib/ -L/home/lorabit/mcsim/pin/source/tools/ExtLib/ -L/home/lorabit/mcsim/pin/source/tools/../../extras/xed2/lib -L/home/lorabit/mcsim/pin/source/tools/../../intel64/lib -L/home/lorabit/mcsim/pin/source/tools/../../intel64/lib-ext -o obj_opt/mypthreadtool -lpin  -ldwarf -lelf -ldl  -L/usr/local/lib -lsnappy -pthread
cp -f obj_opt/mypthreadtool mypthreadtool
cp -f obj_opt/libmypthread.a libmypthread.a
make[1]: Leaving directory `/home/lorabit/mcsim/Pthread'
make[1]: Entering directory `/home/lorabit/mcsim/Pthread'
cp -f obj_opt/mypthreadtool mypthreadtool
cp -f obj_opt/libmypthread.a libmypthread.a
make[1]: Leaving directory `/home/lorabit/mcsim/Pthread'
make[1]: Entering directory `/home/lorabit/mcsim/Pthread'
cp -f obj_opt/mypthreadtool mypthreadtool
cp -f obj_opt/libmypthread.a libmypthread.a
make[1]: Leaving directory `/home/lorabit/mcsim/Pthread'
make[1]: Entering directory `/home/lorabit/mcsim/Pthread'
cp -f obj_opt/mypthreadtool mypthreadtool
cp -f obj_opt/libmypthread.a libmypthread.a
make[1]: Leaving directory `/home/lorabit/mcsim/Pthread'
make[1]: Entering directory `/home/lorabit/mcsim/Pthread'
cp -f obj_opt/mypthreadtool mypthreadtool
cp -f obj_opt/libmypthread.a libmypthread.a
make[1]: Leaving directory `/home/lorabit/mcsim/Pthread'
make[1]: Entering directory `/home/lorabit/mcsim/Pthread'
cp -f obj_opt/mypthreadtool mypthreadtool
cp -f obj_opt/libmypthread.a libmypthread.a
make[1]: Leaving directory `/home/lorabit/mcsim/Pthread'
make[1]: Entering directory `/home/lorabit/mcsim/Pthread'
cp -f obj_opt/mypthreadtool mypthreadtool
cp -f obj_opt/libmypthread.a libmypthread.a
make[1]: Leaving directory `/home/lorabit/mcsim/Pthread'
make[1]: Entering directory `/home/lorabit/mcsim/Pthread'
cp -f obj_opt/mypthreadtool mypthreadtool
cp -f obj_opt/libmypthread.a libmypthread.a
make[1]: Leaving directory `/home/lorabit/mcsim/Pthread'
make[1]: Entering directory `/home/lorabit/mcsim/Pthread'
cp -f obj_opt/mypthreadtool mypthreadtool
cp -f obj_opt/libmypthread.a libmypthread.a
make[1]: Leaving directory `/home/lorabit/mcsim/Pthread'
make[1]: Entering directory `/home/lorabit/mcsim/Pthread'
cp -f obj_opt/mypthreadtool mypthreadtool
cp -f obj_opt/libmypthread.a libmypthread.a
make[1]: Leaving directory `/home/lorabit/mcsim/Pthread'
make[1]: Entering directory `/home/lorabit/mcsim/Pthread'
cp -f obj_opt/mypthreadtool mypthreadtool
cp -f obj_opt/libmypthread.a libmypthread.a
make[1]: Leaving directory `/home/lorabit/mcsim/Pthread'
make[1]: Entering directory `/home/lorabit/mcsim/Pthread'
cp -f obj_opt/mypthreadtool mypthreadtool
cp -f obj_opt/libmypthread.a libmypthread.a
make[1]: Leaving directory `/home/lorabit/mcsim/Pthread'
make[1]: Entering directory `/home/lorabit/mcsim/Pthread'
cp -f obj_opt/mypthreadtool mypthreadtool
cp -f obj_opt/libmypthread.a libmypthread.a
make[1]: Leaving directory `/home/lorabit/mcsim/Pthread'
make[1]: Entering directory `/home/lorabit/mcsim/Pthread'
cp -f obj_opt/mypthreadtool mypthreadtool
cp -f obj_opt/libmypthread.a libmypthread.a
make[1]: Leaving directory `/home/lorabit/mcsim/Pthread'
make[1]: Entering directory `/home/lorabit/mcsim/Pthread'
cp -f obj_opt/mypthreadtool mypthreadtool
cp -f obj_opt/libmypthread.a libmypthread.a
make[1]: Leaving directory `/home/lorabit/mcsim/Pthread'
make[1]: Entering directory `/home/lorabit/mcsim/Pthread'
cp -f obj_opt/mypthreadtool mypthreadtool
cp -f obj_opt/libmypthread.a libmypthread.a
make[1]: Leaving directory `/home/lorabit/mcsim/Pthread'
make[1]: Entering directory `/home/lorabit/mcsim/Pthread'
cp -f obj_opt/mypthreadtool mypthreadtool
cp -f obj_opt/libmypthread.a libmypthread.a
make[1]: Leaving directory `/home/lorabit/mcsim/Pthread'
make[1]: Entering directory `/home/lorabit/mcsim/Pthread'
cp -f obj_opt/mypthreadtool mypthreadtool
cp -f obj_opt/libmypthread.a libmypthread.a
make[1]: Leaving directory `/home/lorabit/mcsim/Pthread'
make[1]: Entering directory `/home/lorabit/mcsim/Pthread'
cp -f obj_opt/mypthreadtool mypthreadtool
cp -f obj_opt/libmypthread.a libmypthread.a
make[1]: Leaving directory `/home/lorabit/mcsim/Pthread'
make[1]: Entering directory `/home/lorabit/mcsim/Pthread'
cp -f obj_opt/mypthreadtool mypthreadtool
cp -f obj_opt/libmypthread.a libmypthread.a
make[1]: Leaving directory `/home/lorabit/mcsim/Pthread'
